0 verbose cli /usr/bin/node /usr/bin/npm
1 info using npm@11.6.2
2 info using node@v24.12.0
3 silly config load:file:/usr/lib/node_modules/npm/npmrc
4 silly config load:file:/opt/ff-news/app/.npmrc
5 silly config load:file:/opt/ff-news/.npmrc
6 silly config load:file:/usr/etc/npmrc
7 verbose title npm install express dotenv
8 verbose argv "install" "express" "dotenv"
9 verbose logfile logs-max:10 dir:/opt/ff-news/.npm/_logs/2026-01-08T05_44_35_424Z-
10 verbose logfile /opt/ff-news/.npm/_logs/2026-01-08T05_44_35_424Z-debug-0.log
11 silly logfile done cleaning log files
12 silly packumentCache heap:1130364928 maxSize:282591232 maxEntrySize:141295616
13 silly idealTree buildDeps
14 silly fetch manifest express@*
15 silly packumentCache full:https://registry.npmjs.org/express cache-miss
16 http fetch GET 200 https://registry.npmjs.org/npm 144ms
17 http fetch GET 200 https://registry.npmjs.org/express 180ms (cache miss)
18 silly packumentCache full:https://registry.npmjs.org/express set size:undefined disposed:false
19 silly fetch manifest dotenv@*
20 silly packumentCache full:https://registry.npmjs.org/dotenv cache-miss
21 http fetch GET 200 https://registry.npmjs.org/dotenv 319ms (cache miss)
22 silly packumentCache full:https://registry.npmjs.org/dotenv set size:undefined disposed:false
23 silly placeDep ROOT dotenv@17.2.3 OK for: ff-news-api@1.0.0 want: *
24 silly placeDep ROOT express@5.2.1 OK for: ff-news-api@1.0.0 want: *
25 silly fetch manifest qs@^6.14.0
26 silly packumentCache full:https://registry.npmjs.org/qs cache-miss
27 http fetch GET 200 https://registry.npmjs.org/qs 35ms (cache miss)
28 silly packumentCache full:https://registry.npmjs.org/qs set size:undefined disposed:false
29 silly fetch manifest depd@^2.0.0
30 silly packumentCache full:https://registry.npmjs.org/depd cache-miss
31 http fetch GET 200 https://registry.npmjs.org/depd 37ms (cache miss)
32 silly packumentCache full:https://registry.npmjs.org/depd set size:undefined disposed:false
33 silly fetch manifest etag@^1.8.1
34 silly packumentCache full:https://registry.npmjs.org/etag cache-miss
35 http fetch GET 200 https://registry.npmjs.org/etag 34ms (cache miss)
36 silly packumentCache full:https://registry.npmjs.org/etag set size:undefined disposed:false
37 silly fetch manifest once@^1.4.0
38 silly packumentCache full:https://registry.npmjs.org/once cache-miss
39 http fetch GET 200 https://registry.npmjs.org/once 42ms (cache miss)
40 silly packumentCache full:https://registry.npmjs.org/once set size:undefined disposed:false
41 silly fetch manifest send@^1.1.0
42 silly packumentCache full:https://registry.npmjs.org/send cache-miss
43 http fetch GET 200 https://registry.npmjs.org/send 31ms (cache miss)
44 silly packumentCache full:https://registry.npmjs.org/send set size:undefined disposed:false
45 silly fetch manifest vary@^1.1.2
46 silly packumentCache full:https://registry.npmjs.org/vary cache-miss
47 http fetch GET 200 https://registry.npmjs.org/vary 50ms (cache miss)
48 silly packumentCache full:https://registry.npmjs.org/vary set size:undefined disposed:false
49 silly fetch manifest debug@^4.4.0
50 silly packumentCache full:https://registry.npmjs.org/debug cache-miss
51 http fetch GET 200 https://registry.npmjs.org/debug 34ms (cache miss)
52 silly packumentCache full:https://registry.npmjs.org/debug set size:undefined disposed:false
53 silly fetch manifest fresh@^2.0.0
54 silly packumentCache full:https://registry.npmjs.org/fresh cache-miss
55 http fetch GET 200 https://registry.npmjs.org/fresh 37ms (cache miss)
56 silly packumentCache full:https://registry.npmjs.org/fresh set size:undefined disposed:false
57 silly fetch manifest cookie@^0.7.1
58 silly packumentCache full:https://registry.npmjs.org/cookie cache-miss
59 http fetch GET 200 https://registry.npmjs.org/cookie 26ms (cache miss)
60 silly packumentCache full:https://registry.npmjs.org/cookie set size:undefined disposed:false
61 silly fetch manifest router@^2.2.0
62 silly packumentCache full:https://registry.npmjs.org/router cache-miss
63 http fetch GET 200 https://registry.npmjs.org/router 41ms (cache miss)
64 silly packumentCache full:https://registry.npmjs.org/router set size:undefined disposed:false
65 silly fetch manifest accepts@^2.0.0
66 silly packumentCache full:https://registry.npmjs.org/accepts cache-miss
67 http fetch GET 200 https://registry.npmjs.org/accepts 41ms (cache miss)
68 silly packumentCache full:https://registry.npmjs.org/accepts set size:undefined disposed:false
69 silly fetch manifest type-is@^2.0.1
70 silly packumentCache full:https://registry.npmjs.org/type-is cache-miss
71 http fetch GET 200 https://registry.npmjs.org/type-is 34ms (cache miss)
72 silly packumentCache full:https://registry.npmjs.org/type-is set size:undefined disposed:false
73 silly fetch manifest parseurl@^1.3.3
74 silly packumentCache full:https://registry.npmjs.org/parseurl cache-miss
75 http fetch GET 200 https://registry.npmjs.org/parseurl 26ms (cache miss)
76 silly packumentCache full:https://registry.npmjs.org/parseurl set size:undefined disposed:false
77 silly fetch manifest statuses@^2.0.1
78 silly packumentCache full:https://registry.npmjs.org/statuses cache-miss
79 http fetch GET 200 https://registry.npmjs.org/statuses 26ms (cache miss)
80 silly packumentCache full:https://registry.npmjs.org/statuses set size:undefined disposed:false
81 silly fetch manifest encodeurl@^2.0.0
82 silly packumentCache full:https://registry.npmjs.org/encodeurl cache-miss
83 http fetch GET 200 https://registry.npmjs.org/encodeurl 27ms (cache miss)
84 silly packumentCache full:https://registry.npmjs.org/encodeurl set size:undefined disposed:false
85 silly fetch manifest mime-types@^3.0.0
86 silly packumentCache full:https://registry.npmjs.org/mime-types cache-miss
87 http fetch GET 200 https://registry.npmjs.org/mime-types 46ms (cache miss)
88 silly packumentCache full:https://registry.npmjs.org/mime-types set size:undefined disposed:false
89 silly fetch manifest proxy-addr@^2.0.7
90 silly packumentCache full:https://registry.npmjs.org/proxy-addr cache-miss
91 http fetch GET 200 https://registry.npmjs.org/proxy-addr 27ms (cache miss)
92 silly packumentCache full:https://registry.npmjs.org/proxy-addr set size:undefined disposed:false
93 silly fetch manifest body-parser@^2.2.1
94 silly packumentCache full:https://registry.npmjs.org/body-parser cache-miss
95 http fetch GET 200 https://registry.npmjs.org/body-parser 125ms (cache miss)
96 silly packumentCache full:https://registry.npmjs.org/body-parser set size:undefined disposed:false
97 silly fetch manifest escape-html@^1.0.3
98 silly packumentCache full:https://registry.npmjs.org/escape-html cache-miss
99 http fetch GET 200 https://registry.npmjs.org/escape-html 22ms (cache miss)
100 silly packumentCache full:https://registry.npmjs.org/escape-html set size:undefined disposed:false
101 silly fetch manifest http-errors@^2.0.0
102 silly packumentCache full:https://registry.npmjs.org/http-errors cache-miss
103 http fetch GET 200 https://registry.npmjs.org/http-errors 34ms (cache miss)
104 silly packumentCache full:https://registry.npmjs.org/http-errors set size:undefined disposed:false
105 silly fetch manifest on-finished@^2.4.1
106 silly packumentCache full:https://registry.npmjs.org/on-finished cache-miss
107 http fetch GET 200 https://registry.npmjs.org/on-finished 28ms (cache miss)
108 silly packumentCache full:https://registry.npmjs.org/on-finished set size:undefined disposed:false
109 silly fetch manifest content-type@^1.0.5
110 silly packumentCache full:https://registry.npmjs.org/content-type cache-miss
111 http fetch GET 200 https://registry.npmjs.org/content-type 29ms (cache miss)
112 silly packumentCache full:https://registry.npmjs.org/content-type set size:undefined disposed:false
113 silly fetch manifest finalhandler@^2.1.0
114 silly packumentCache full:https://registry.npmjs.org/finalhandler cache-miss
115 http fetch GET 200 https://registry.npmjs.org/finalhandler 112ms (cache miss)
116 silly packumentCache full:https://registry.npmjs.org/finalhandler set size:undefined disposed:false
117 silly fetch manifest range-parser@^1.2.1
118 silly packumentCache full:https://registry.npmjs.org/range-parser cache-miss
119 http fetch GET 200 https://registry.npmjs.org/range-parser 38ms (cache miss)
120 silly packumentCache full:https://registry.npmjs.org/range-parser set size:undefined disposed:false
121 silly fetch manifest serve-static@^2.2.0
122 silly packumentCache full:https://registry.npmjs.org/serve-static cache-miss
123 http fetch GET 200 https://registry.npmjs.org/serve-static 34ms (cache miss)
124 silly packumentCache full:https://registry.npmjs.org/serve-static set size:undefined disposed:false
125 silly fetch manifest cookie-signature@^1.2.1
126 silly packumentCache full:https://registry.npmjs.org/cookie-signature cache-miss
127 http fetch GET 200 https://registry.npmjs.org/cookie-signature 104ms (cache miss)
128 silly packumentCache full:https://registry.npmjs.org/cookie-signature set size:undefined disposed:false
129 silly fetch manifest merge-descriptors@^2.0.0
130 silly packumentCache full:https://registry.npmjs.org/merge-descriptors cache-miss
131 http fetch GET 200 https://registry.npmjs.org/merge-descriptors 36ms (cache miss)
132 silly packumentCache full:https://registry.npmjs.org/merge-descriptors set size:undefined disposed:false
133 silly fetch manifest content-disposition@^1.0.0
134 silly packumentCache full:https://registry.npmjs.org/content-disposition cache-miss
135 http fetch GET 200 https://registry.npmjs.org/content-disposition 30ms (cache miss)
136 silly packumentCache full:https://registry.npmjs.org/content-disposition set size:undefined disposed:false
137 silly placeDep ROOT accepts@2.0.0 OK for: express@5.2.1 want: ^2.0.0
138 silly placeDep ROOT body-parser@2.2.2 OK for: express@5.2.1 want: ^2.2.1
139 silly placeDep ROOT content-disposition@1.0.1 OK for: express@5.2.1 want: ^1.0.0
140 silly placeDep ROOT content-type@1.0.5 OK for: express@5.2.1 want: ^1.0.5
141 silly placeDep ROOT cookie@0.7.2 OK for: express@5.2.1 want: ^0.7.1
142 silly placeDep ROOT cookie-signature@1.2.2 OK for: express@5.2.1 want: ^1.2.1
143 silly placeDep ROOT debug@4.4.3 OK for: express@5.2.1 want: ^4.4.0
144 silly placeDep ROOT depd@2.0.0 OK for: express@5.2.1 want: ^2.0.0
145 silly placeDep ROOT encodeurl@2.0.0 OK for: express@5.2.1 want: ^2.0.0
146 silly placeDep ROOT escape-html@1.0.3 OK for: express@5.2.1 want: ^1.0.3
147 silly placeDep ROOT etag@1.8.1 OK for: express@5.2.1 want: ^1.8.1
148 silly placeDep ROOT finalhandler@2.1.1 OK for: express@5.2.1 want: ^2.1.0
149 silly placeDep ROOT fresh@2.0.0 OK for: express@5.2.1 want: ^2.0.0
150 silly placeDep ROOT http-errors@2.0.1 OK for: express@5.2.1 want: ^2.0.0
151 silly placeDep ROOT merge-descriptors@2.0.0 OK for: express@5.2.1 want: ^2.0.0
152 silly placeDep ROOT mime-types@3.0.2 OK for: express@5.2.1 want: ^3.0.0
153 silly placeDep ROOT on-finished@2.4.1 OK for: express@5.2.1 want: ^2.4.1
154 silly placeDep ROOT once@1.4.0 OK for: express@5.2.1 want: ^1.4.0
155 silly placeDep ROOT parseurl@1.3.3 OK for: express@5.2.1 want: ^1.3.3
156 silly placeDep ROOT proxy-addr@2.0.7 OK for: express@5.2.1 want: ^2.0.7
157 silly placeDep ROOT qs@6.14.1 OK for: express@5.2.1 want: ^6.14.0
158 silly placeDep ROOT range-parser@1.2.1 OK for: express@5.2.1 want: ^1.2.1
159 silly placeDep ROOT router@2.2.0 OK for: express@5.2.1 want: ^2.2.0
160 silly placeDep ROOT send@1.2.1 OK for: express@5.2.1 want: ^1.1.0
161 silly placeDep ROOT serve-static@2.2.1 OK for: express@5.2.1 want: ^2.2.0
162 silly placeDep ROOT statuses@2.0.2 OK for: express@5.2.1 want: ^2.0.1
163 silly placeDep ROOT type-is@2.0.1 OK for: express@5.2.1 want: ^2.0.1
164 silly placeDep ROOT vary@1.1.2 OK for: express@5.2.1 want: ^1.1.2
165 silly fetch manifest negotiator@^1.0.0
166 silly packumentCache full:https://registry.npmjs.org/negotiator cache-miss
167 http fetch GET 200 https://registry.npmjs.org/negotiator 34ms (cache miss)
168 silly packumentCache full:https://registry.npmjs.org/negotiator set size:undefined disposed:false
169 silly fetch manifest bytes@^3.1.2
170 silly packumentCache full:https://registry.npmjs.org/bytes cache-miss
171 http fetch GET 200 https://registry.npmjs.org/bytes 26ms (cache miss)
172 silly packumentCache full:https://registry.npmjs.org/bytes set size:undefined disposed:false
173 silly fetch manifest debug@^4.4.3
174 silly packumentCache full:https://registry.npmjs.org/debug cache-miss
175 http cache https://registry.npmjs.org/debug 9ms (cache hit)
176 silly packumentCache full:https://registry.npmjs.org/debug set size:195840 disposed:false
177 silly fetch manifest iconv-lite@^0.7.0
178 silly packumentCache full:https://registry.npmjs.org/iconv-lite cache-miss
179 http fetch GET 200 https://registry.npmjs.org/iconv-lite 30ms (cache miss)
180 silly packumentCache full:https://registry.npmjs.org/iconv-lite set size:undefined disposed:false
181 silly fetch manifest qs@^6.14.1
182 silly packumentCache full:https://registry.npmjs.org/qs cache-miss
183 http cache https://registry.npmjs.org/qs 4ms (cache hit)
184 silly packumentCache full:https://registry.npmjs.org/qs set size:268000 disposed:false
185 silly fetch manifest raw-body@^3.0.1
186 silly packumentCache full:https://registry.npmjs.org/raw-body cache-miss
187 http fetch GET 200 https://registry.npmjs.org/raw-body 29ms (cache miss)
188 silly packumentCache full:https://registry.npmjs.org/raw-body set size:undefined disposed:false
189 silly fetch manifest ms@^2.1.3
190 silly packumentCache full:https://registry.npmjs.org/ms cache-miss
191 http fetch GET 200 https://registry.npmjs.org/ms 132ms (cache miss)
192 silly packumentCache full:https://registry.npmjs.org/ms set size:undefined disposed:false
193 silly fetch manifest inherits@~2.0.4
194 silly packumentCache full:https://registry.npmjs.org/inherits cache-miss
195 http fetch GET 200 https://registry.npmjs.org/inherits 76ms (cache miss)
196 silly packumentCache full:https://registry.npmjs.org/inherits set size:undefined disposed:false
197 silly fetch manifest setprototypeof@~1.2.0
198 silly packumentCache full:https://registry.npmjs.org/setprototypeof cache-miss
199 http fetch GET 200 https://registry.npmjs.org/setprototypeof 24ms (cache miss)
200 silly packumentCache full:https://registry.npmjs.org/setprototypeof set size:undefined disposed:false
201 silly fetch manifest statuses@~2.0.2
202 silly packumentCache full:https://registry.npmjs.org/statuses cache-miss
203 http cache https://registry.npmjs.org/statuses 4ms (cache hit)
204 silly packumentCache full:https://registry.npmjs.org/statuses set size:37117 disposed:false
205 silly fetch manifest toidentifier@~1.0.1
206 silly packumentCache full:https://registry.npmjs.org/toidentifier cache-miss
207 http fetch GET 200 https://registry.npmjs.org/toidentifier 28ms (cache miss)
208 silly packumentCache full:https://registry.npmjs.org/toidentifier set size:undefined disposed:false
209 silly fetch manifest mime-db@^1.54.0
210 silly packumentCache full:https://registry.npmjs.org/mime-db cache-miss
211 http fetch GET 200 https://registry.npmjs.org/mime-db 24ms (cache miss)
212 silly packumentCache full:https://registry.npmjs.org/mime-db set size:undefined disposed:false
213 silly fetch manifest ee-first@1.1.1
214 silly packumentCache full:https://registry.npmjs.org/ee-first cache-miss
215 http fetch GET 200 https://registry.npmjs.org/ee-first 32ms (cache miss)
216 silly packumentCache full:https://registry.npmjs.org/ee-first set size:undefined disposed:false
217 silly fetch manifest wrappy@1
218 silly packumentCache full:https://registry.npmjs.org/wrappy cache-miss
219 http fetch GET 200 https://registry.npmjs.org/wrappy 25ms (cache miss)
220 silly packumentCache full:https://registry.npmjs.org/wrappy set size:undefined disposed:false
221 silly fetch manifest forwarded@0.2.0
222 silly packumentCache full:https://registry.npmjs.org/forwarded cache-miss
223 http fetch GET 200 https://registry.npmjs.org/forwarded 28ms (cache miss)
224 silly packumentCache full:https://registry.npmjs.org/forwarded set size:undefined disposed:false
225 silly fetch manifest ipaddr.js@1.9.1
226 silly packumentCache full:https://registry.npmjs.org/ipaddr.js cache-miss
227 http fetch GET 200 https://registry.npmjs.org/ipaddr.js 24ms (cache miss)
228 silly packumentCache full:https://registry.npmjs.org/ipaddr.js set size:undefined disposed:false
229 silly fetch manifest side-channel@^1.1.0
230 silly packumentCache full:https://registry.npmjs.org/side-channel cache-miss
231 http fetch GET 200 https://registry.npmjs.org/side-channel 27ms (cache miss)
232 silly packumentCache full:https://registry.npmjs.org/side-channel set size:undefined disposed:false
233 silly fetch manifest is-promise@^4.0.0
234 silly packumentCache full:https://registry.npmjs.org/is-promise cache-miss
235 http fetch GET 200 https://registry.npmjs.org/is-promise 108ms (cache miss)
236 silly packumentCache full:https://registry.npmjs.org/is-promise set size:undefined disposed:false
237 silly fetch manifest path-to-regexp@^8.0.0
238 silly packumentCache full:https://registry.npmjs.org/path-to-regexp cache-miss
239 http fetch GET 200 https://registry.npmjs.org/path-to-regexp 42ms (cache miss)
240 silly packumentCache full:https://registry.npmjs.org/path-to-regexp set size:undefined disposed:false
241 silly fetch manifest statuses@^2.0.2
242 silly packumentCache full:https://registry.npmjs.org/statuses cache-hit
243 silly fetch manifest media-typer@^1.1.0
244 silly packumentCache full:https://registry.npmjs.org/media-typer cache-miss
245 http fetch GET 200 https://registry.npmjs.org/media-typer 25ms (cache miss)
246 silly packumentCache full:https://registry.npmjs.org/media-typer set size:undefined disposed:false
247 silly placeDep ROOT negotiator@1.0.0 OK for: accepts@2.0.0 want: ^1.0.0
248 silly placeDep ROOT bytes@3.1.2 OK for: body-parser@2.2.2 want: ^3.1.2
249 silly placeDep ROOT iconv-lite@0.7.1 OK for: body-parser@2.2.2 want: ^0.7.0
250 silly placeDep ROOT raw-body@3.0.2 OK for: body-parser@2.2.2 want: ^3.0.1
251 silly fetch manifest safer-buffer@>= 2.1.2 < 3.0.0
252 silly packumentCache full:https://registry.npmjs.org/safer-buffer cache-miss
253 http fetch GET 200 https://registry.npmjs.org/safer-buffer 34ms (cache miss)
254 silly packumentCache full:https://registry.npmjs.org/safer-buffer set size:undefined disposed:false
255 silly fetch manifest unpipe@~1.0.0
256 silly packumentCache full:https://registry.npmjs.org/unpipe cache-miss
257 http fetch GET 200 https://registry.npmjs.org/unpipe 30ms (cache miss)
258 silly packumentCache full:https://registry.npmjs.org/unpipe set size:undefined disposed:false
259 silly placeDep ROOT ms@2.1.3 OK for: debug@4.4.3 want: ^2.1.3
260 silly placeDep ROOT inherits@2.0.4 OK for: http-errors@2.0.1 want: ~2.0.4
261 silly placeDep ROOT setprototypeof@1.2.0 OK for: http-errors@2.0.1 want: ~1.2.0
262 silly placeDep ROOT toidentifier@1.0.1 OK for: http-errors@2.0.1 want: ~1.0.1
263 silly placeDep ROOT safer-buffer@2.1.2 OK for: iconv-lite@0.7.1 want: >= 2.1.2 < 3.0.0
264 silly placeDep ROOT mime-db@1.54.0 OK for: mime-types@3.0.2 want: ^1.54.0
265 silly placeDep ROOT ee-first@1.1.1 OK for: on-finished@2.4.1 want: 1.1.1
266 silly placeDep ROOT wrappy@1.0.2 OK for: once@1.4.0 want: 1
267 silly placeDep ROOT forwarded@0.2.0 OK for: proxy-addr@2.0.7 want: 0.2.0
268 silly placeDep ROOT ipaddr.js@1.9.1 OK for: proxy-addr@2.0.7 want: 1.9.1
269 silly placeDep ROOT side-channel@1.1.0 OK for: qs@6.14.1 want: ^1.1.0
270 silly fetch manifest es-errors@^1.3.0
271 silly packumentCache full:https://registry.npmjs.org/es-errors cache-miss
272 http fetch GET 200 https://registry.npmjs.org/es-errors 35ms (cache miss)
273 silly packumentCache full:https://registry.npmjs.org/es-errors set size:undefined disposed:false
274 silly fetch manifest object-inspect@^1.13.3
275 silly packumentCache full:https://registry.npmjs.org/object-inspect cache-miss
276 http fetch GET 200 https://registry.npmjs.org/object-inspect 31ms (cache miss)
277 silly packumentCache full:https://registry.npmjs.org/object-inspect set size:undefined disposed:false
278 silly fetch manifest side-channel-list@^1.0.0
279 silly packumentCache full:https://registry.npmjs.org/side-channel-list cache-miss
280 http fetch GET 200 https://registry.npmjs.org/side-channel-list 36ms (cache miss)
281 silly packumentCache full:https://registry.npmjs.org/side-channel-list set size:undefined disposed:false
282 silly fetch manifest side-channel-map@^1.0.1
283 silly packumentCache full:https://registry.npmjs.org/side-channel-map cache-miss
284 http fetch GET 200 https://registry.npmjs.org/side-channel-map 39ms (cache miss)
285 silly packumentCache full:https://registry.npmjs.org/side-channel-map set size:undefined disposed:false
286 silly fetch manifest side-channel-weakmap@^1.0.2
287 silly packumentCache full:https://registry.npmjs.org/side-channel-weakmap cache-miss
288 http fetch GET 200 https://registry.npmjs.org/side-channel-weakmap 29ms (cache miss)
289 silly packumentCache full:https://registry.npmjs.org/side-channel-weakmap set size:undefined disposed:false
290 silly placeDep ROOT unpipe@1.0.0 OK for: raw-body@3.0.2 want: ~1.0.0
291 silly placeDep ROOT is-promise@4.0.0 OK for: router@2.2.0 want: ^4.0.0
292 silly placeDep ROOT path-to-regexp@8.3.0 OK for: router@2.2.0 want: ^8.0.0
293 silly placeDep ROOT es-errors@1.3.0 OK for: side-channel@1.1.0 want: ^1.3.0
294 silly placeDep ROOT object-inspect@1.13.4 OK for: side-channel@1.1.0 want: ^1.13.3
295 silly placeDep ROOT side-channel-list@1.0.0 OK for: side-channel@1.1.0 want: ^1.0.0
296 silly placeDep ROOT side-channel-map@1.0.1 OK for: side-channel@1.1.0 want: ^1.0.1
297 silly placeDep ROOT side-channel-weakmap@1.0.2 OK for: side-channel@1.1.0 want: ^1.0.2
298 silly fetch manifest call-bound@^1.0.2
299 silly packumentCache full:https://registry.npmjs.org/call-bound cache-miss
300 http fetch GET 200 https://registry.npmjs.org/call-bound 22ms (cache miss)
301 silly packumentCache full:https://registry.npmjs.org/call-bound set size:undefined disposed:false
302 silly fetch manifest get-intrinsic@^1.2.5
303 silly packumentCache full:https://registry.npmjs.org/get-intrinsic cache-miss
304 http fetch GET 200 https://registry.npmjs.org/get-intrinsic 37ms (cache miss)
305 silly packumentCache full:https://registry.npmjs.org/get-intrinsic set size:undefined disposed:false
306 silly placeDep ROOT call-bound@1.0.4 OK for: side-channel-map@1.0.1 want: ^1.0.2
307 silly placeDep ROOT get-intrinsic@1.3.0 OK for: side-channel-map@1.0.1 want: ^1.2.5
308 silly fetch manifest call-bind-apply-helpers@^1.0.2
309 silly packumentCache full:https://registry.npmjs.org/call-bind-apply-helpers cache-miss
310 http fetch GET 200 https://registry.npmjs.org/call-bind-apply-helpers 27ms (cache miss)
311 silly packumentCache full:https://registry.npmjs.org/call-bind-apply-helpers set size:undefined disposed:false
312 silly fetch manifest get-intrinsic@^1.3.0
313 silly packumentCache full:https://registry.npmjs.org/get-intrinsic cache-miss
314 http cache https://registry.npmjs.org/get-intrinsic 5ms (cache hit)
315 silly packumentCache full:https://registry.npmjs.org/get-intrinsic set size:60985 disposed:false
316 silly fetch manifest gopd@^1.2.0
317 silly packumentCache full:https://registry.npmjs.org/gopd cache-miss
318 http fetch GET 200 https://registry.npmjs.org/gopd 145ms (cache miss)
319 silly packumentCache full:https://registry.npmjs.org/gopd set size:undefined disposed:false
320 silly fetch manifest hasown@^2.0.2
321 silly packumentCache full:https://registry.npmjs.org/hasown cache-miss
322 http fetch GET 200 https://registry.npmjs.org/hasown 32ms (cache miss)
323 silly packumentCache full:https://registry.npmjs.org/hasown set size:undefined disposed:false
324 silly fetch manifest get-proto@^1.0.1
325 silly packumentCache full:https://registry.npmjs.org/get-proto cache-miss
326 http fetch GET 200 https://registry.npmjs.org/get-proto 30ms (cache miss)
327 silly packumentCache full:https://registry.npmjs.org/get-proto set size:undefined disposed:false
328 silly fetch manifest has-symbols@^1.1.0
329 silly packumentCache full:https://registry.npmjs.org/has-symbols cache-miss
330 http fetch GET 200 https://registry.npmjs.org/has-symbols 30ms (cache miss)
331 silly packumentCache full:https://registry.npmjs.org/has-symbols set size:undefined disposed:false
332 silly fetch manifest function-bind@^1.1.2
333 silly packumentCache full:https://registry.npmjs.org/function-bind cache-miss
334 http fetch GET 200 https://registry.npmjs.org/function-bind 32ms (cache miss)
335 silly packumentCache full:https://registry.npmjs.org/function-bind set size:undefined disposed:false
336 silly fetch manifest es-object-atoms@^1.1.1
337 silly packumentCache full:https://registry.npmjs.org/es-object-atoms cache-miss
338 http fetch GET 200 https://registry.npmjs.org/es-object-atoms 26ms (cache miss)
339 silly packumentCache full:https://registry.npmjs.org/es-object-atoms set size:undefined disposed:false
340 silly fetch manifest math-intrinsics@^1.1.0
341 silly packumentCache full:https://registry.npmjs.org/math-intrinsics cache-miss
342 http fetch GET 200 https://registry.npmjs.org/math-intrinsics 27ms (cache miss)
343 silly packumentCache full:https://registry.npmjs.org/math-intrinsics set size:undefined disposed:false
344 silly fetch manifest es-define-property@^1.0.1
345 silly packumentCache full:https://registry.npmjs.org/es-define-property cache-miss
346 http fetch GET 200 https://registry.npmjs.org/es-define-property 26ms (cache miss)
347 silly packumentCache full:https://registry.npmjs.org/es-define-property set size:undefined disposed:false
348 silly placeDep ROOT call-bind-apply-helpers@1.0.2 OK for: call-bound@1.0.4 want: ^1.0.2
349 silly placeDep ROOT function-bind@1.1.2 OK for: call-bind-apply-helpers@1.0.2 want: ^1.1.2
350 silly placeDep ROOT es-define-property@1.0.1 OK for: get-intrinsic@1.3.0 want: ^1.0.1
351 silly placeDep ROOT es-object-atoms@1.1.1 OK for: get-intrinsic@1.3.0 want: ^1.1.1
352 silly placeDep ROOT get-proto@1.0.1 OK for: get-intrinsic@1.3.0 want: ^1.0.1
353 silly placeDep ROOT gopd@1.2.0 OK for: get-intrinsic@1.3.0 want: ^1.2.0
354 silly placeDep ROOT has-symbols@1.1.0 OK for: get-intrinsic@1.3.0 want: ^1.1.0
355 silly placeDep ROOT hasown@2.0.2 OK for: get-intrinsic@1.3.0 want: ^2.0.2
356 silly placeDep ROOT math-intrinsics@1.1.0 OK for: get-intrinsic@1.3.0 want: ^1.1.0
357 silly fetch manifest dunder-proto@^1.0.1
358 silly packumentCache full:https://registry.npmjs.org/dunder-proto cache-miss
359 http fetch GET 200 https://registry.npmjs.org/dunder-proto 30ms (cache miss)
360 silly packumentCache full:https://registry.npmjs.org/dunder-proto set size:undefined disposed:false
361 silly placeDep ROOT dunder-proto@1.0.1 OK for: get-proto@1.0.1 want: ^1.0.1
362 silly placeDep ROOT media-typer@1.1.0 OK for: type-is@2.0.1 want: ^1.1.0
363 silly reify moves {}
364 silly audit bulk request {
364 silly audit   dotenv: [ '17.2.3' ],
364 silly audit   express: [ '5.2.1' ],
364 silly audit   accepts: [ '2.0.0' ],
364 silly audit   'body-parser': [ '2.2.2' ],
364 silly audit   'content-disposition': [ '1.0.1' ],
364 silly audit   'content-type': [ '1.0.5' ],
364 silly audit   cookie: [ '0.7.2' ],
364 silly audit   'cookie-signature': [ '1.2.2' ],
364 silly audit   debug: [ '4.4.3' ],
364 silly audit   depd: [ '2.0.0' ],
364 silly audit   encodeurl: [ '2.0.0' ],
364 silly audit   'escape-html': [ '1.0.3' ],
364 silly audit   etag: [ '1.8.1' ],
364 silly audit   finalhandler: [ '2.1.1' ],
364 silly audit   fresh: [ '2.0.0' ],
364 silly audit   'http-errors': [ '2.0.1' ],
364 silly audit   'merge-descriptors': [ '2.0.0' ],
364 silly audit   'mime-types': [ '3.0.2' ],
364 silly audit   'on-finished': [ '2.4.1' ],
364 silly audit   once: [ '1.4.0' ],
364 silly audit   parseurl: [ '1.3.3' ],
364 silly audit   'proxy-addr': [ '2.0.7' ],
364 silly audit   qs: [ '6.14.1' ],
364 silly audit   'range-parser': [ '1.2.1' ],
364 silly audit   router: [ '2.2.0' ],
364 silly audit   send: [ '1.2.1' ],
364 silly audit   'serve-static': [ '2.2.1' ],
364 silly audit   statuses: [ '2.0.2' ],
364 silly audit   'type-is': [ '2.0.1' ],
364 silly audit   vary: [ '1.1.2' ],
364 silly audit   negotiator: [ '1.0.0' ],
364 silly audit   bytes: [ '3.1.2' ],
364 silly audit   'iconv-lite': [ '0.7.1' ],
364 silly audit   'raw-body': [ '3.0.2' ],
364 silly audit   ms: [ '2.1.3' ],
364 silly audit   inherits: [ '2.0.4' ],
364 silly audit   setprototypeof: [ '1.2.0' ],
364 silly audit   toidentifier: [ '1.0.1' ],
364 silly audit   'safer-buffer': [ '2.1.2' ],
364 silly audit   'mime-db': [ '1.54.0' ],
364 silly audit   'ee-first': [ '1.1.1' ],
364 silly audit   wrappy: [ '1.0.2' ],
364 silly audit   forwarded: [ '0.2.0' ],
364 silly audit   'ipaddr.js': [ '1.9.1' ],
364 silly audit   'side-channel': [ '1.1.0' ],
364 silly audit   unpipe: [ '1.0.0' ],
364 silly audit   'is-promise': [ '4.0.0' ],
364 silly audit   'path-to-regexp': [ '8.3.0' ],
364 silly audit   'es-errors': [ '1.3.0' ],
364 silly audit   'object-inspect': [ '1.13.4' ],
364 silly audit   'side-channel-list': [ '1.0.0' ],
364 silly audit   'side-channel-map': [ '1.0.1' ],
364 silly audit   'side-channel-weakmap': [ '1.0.2' ],
364 silly audit   'call-bound': [ '1.0.4' ],
364 silly audit   'get-intrinsic': [ '1.3.0' ],
364 silly audit   'call-bind-apply-helpers': [ '1.0.2' ],
364 silly audit   'function-bind': [ '1.1.2' ],
364 silly audit   'es-define-property': [ '1.0.1' ],
364 silly audit   'es-object-atoms': [ '1.1.1' ],
364 silly audit   'get-proto': [ '1.0.1' ],
364 silly audit   gopd: [ '1.2.0' ],
364 silly audit   'has-symbols': [ '1.1.0' ],
364 silly audit   hasown: [ '2.0.2' ],
364 silly audit   'math-intrinsics': [ '1.1.0' ],
364 silly audit   'dunder-proto': [ '1.0.1' ],
364 silly audit   'media-typer': [ '1.1.0' ]
364 silly audit }
365 http cache media-typer@https://registry.npmjs.org/media-typer/-/media-typer-1.1.0.tgz 0ms (cache hit)
366 http cache dunder-proto@https://registry.npmjs.org/dunder-proto/-/dunder-proto-1.0.1.tgz 0ms (cache hit)
367 http cache math-intrinsics@https://registry.npmjs.org/math-intrinsics/-/math-intrinsics-1.1.0.tgz 0ms (cache hit)
368 http cache hasown@https://registry.npmjs.org/hasown/-/hasown-2.0.2.tgz 0ms (cache hit)
369 http cache has-symbols@https://registry.npmjs.org/has-symbols/-/has-symbols-1.1.0.tgz 0ms (cache hit)
370 http cache gopd@https://registry.npmjs.org/gopd/-/gopd-1.2.0.tgz 0ms (cache hit)
371 http cache get-proto@https://registry.npmjs.org/get-proto/-/get-proto-1.0.1.tgz 0ms (cache hit)
372 http cache es-object-atoms@https://registry.npmjs.org/es-object-atoms/-/es-object-atoms-1.1.1.tgz 0ms (cache hit)
373 http cache es-define-property@https://registry.npmjs.org/es-define-property/-/es-define-property-1.0.1.tgz 0ms (cache hit)
374 http cache function-bind@https://registry.npmjs.org/function-bind/-/function-bind-1.1.2.tgz 0ms (cache hit)
375 http cache call-bind-apply-helpers@https://registry.npmjs.org/call-bind-apply-helpers/-/call-bind-apply-helpers-1.0.2.tgz 0ms (cache hit)
376 http cache get-intrinsic@https://registry.npmjs.org/get-intrinsic/-/get-intrinsic-1.3.0.tgz 1ms (cache hit)
377 http cache call-bound@https://registry.npmjs.org/call-bound/-/call-bound-1.0.4.tgz 0ms (cache hit)
378 http cache side-channel-weakmap@https://registry.npmjs.org/side-channel-weakmap/-/side-channel-weakmap-1.0.2.tgz 0ms (cache hit)
379 http cache side-channel-map@https://registry.npmjs.org/side-channel-map/-/side-channel-map-1.0.1.tgz 0ms (cache hit)
380 http cache side-channel-list@https://registry.npmjs.org/side-channel-list/-/side-channel-list-1.0.0.tgz 0ms (cache hit)
381 http cache object-inspect@https://registry.npmjs.org/object-inspect/-/object-inspect-1.13.4.tgz 0ms (cache hit)
382 http cache es-errors@https://registry.npmjs.org/es-errors/-/es-errors-1.3.0.tgz 0ms (cache hit)
383 http cache path-to-regexp@https://registry.npmjs.org/path-to-regexp/-/path-to-regexp-8.3.0.tgz 0ms (cache hit)
384 http cache is-promise@https://registry.npmjs.org/is-promise/-/is-promise-4.0.0.tgz 0ms (cache hit)
385 http cache unpipe@https://registry.npmjs.org/unpipe/-/unpipe-1.0.0.tgz 1ms (cache hit)
386 http cache side-channel@https://registry.npmjs.org/side-channel/-/side-channel-1.1.0.tgz 0ms (cache hit)
387 http cache ipaddr.js@https://registry.npmjs.org/ipaddr.js/-/ipaddr.js-1.9.1.tgz 0ms (cache hit)
388 http cache forwarded@https://registry.npmjs.org/forwarded/-/forwarded-0.2.0.tgz 0ms (cache hit)
389 http cache wrappy@https://registry.npmjs.org/wrappy/-/wrappy-1.0.2.tgz 0ms (cache hit)
390 http cache ee-first@https://registry.npmjs.org/ee-first/-/ee-first-1.1.1.tgz 0ms (cache hit)
391 http cache mime-db@https://registry.npmjs.org/mime-db/-/mime-db-1.54.0.tgz 0ms (cache hit)
392 http cache safer-buffer@https://registry.npmjs.org/safer-buffer/-/safer-buffer-2.1.2.tgz 0ms (cache hit)
393 http cache toidentifier@https://registry.npmjs.org/toidentifier/-/toidentifier-1.0.1.tgz 0ms (cache hit)
394 http cache setprototypeof@https://registry.npmjs.org/setprototypeof/-/setprototypeof-1.2.0.tgz 0ms (cache hit)
395 http cache inherits@https://registry.npmjs.org/inherits/-/inherits-2.0.4.tgz 0ms (cache hit)
396 http cache ms@https://registry.npmjs.org/ms/-/ms-2.1.3.tgz 0ms (cache hit)
397 http cache raw-body@https://registry.npmjs.org/raw-body/-/raw-body-3.0.2.tgz 0ms (cache hit)
398 http cache iconv-lite@https://registry.npmjs.org/iconv-lite/-/iconv-lite-0.7.1.tgz 0ms (cache hit)
399 http cache bytes@https://registry.npmjs.org/bytes/-/bytes-3.1.2.tgz 0ms (cache hit)
400 http cache negotiator@https://registry.npmjs.org/negotiator/-/negotiator-1.0.0.tgz 0ms (cache hit)
401 http cache vary@https://registry.npmjs.org/vary/-/vary-1.1.2.tgz 0ms (cache hit)
402 http cache type-is@https://registry.npmjs.org/type-is/-/type-is-2.0.1.tgz 0ms (cache hit)
403 http cache statuses@https://registry.npmjs.org/statuses/-/statuses-2.0.2.tgz 0ms (cache hit)
404 http cache serve-static@https://registry.npmjs.org/serve-static/-/serve-static-2.2.1.tgz 0ms (cache hit)
405 http cache send@https://registry.npmjs.org/send/-/send-1.2.1.tgz 0ms (cache hit)
406 http cache router@https://registry.npmjs.org/router/-/router-2.2.0.tgz 0ms (cache hit)
407 http cache range-parser@https://registry.npmjs.org/range-parser/-/range-parser-1.2.1.tgz 0ms (cache hit)
408 http cache qs@https://registry.npmjs.org/qs/-/qs-6.14.1.tgz 0ms (cache hit)
409 http cache proxy-addr@https://registry.npmjs.org/proxy-addr/-/proxy-addr-2.0.7.tgz 0ms (cache hit)
410 http cache parseurl@https://registry.npmjs.org/parseurl/-/parseurl-1.3.3.tgz 1ms (cache hit)
411 http cache once@https://registry.npmjs.org/once/-/once-1.4.0.tgz 0ms (cache hit)
412 http cache on-finished@https://registry.npmjs.org/on-finished/-/on-finished-2.4.1.tgz 0ms (cache hit)
413 http cache mime-types@https://registry.npmjs.org/mime-types/-/mime-types-3.0.2.tgz 0ms (cache hit)
414 http cache merge-descriptors@https://registry.npmjs.org/merge-descriptors/-/merge-descriptors-2.0.0.tgz 0ms (cache hit)
415 http cache http-errors@https://registry.npmjs.org/http-errors/-/http-errors-2.0.1.tgz 0ms (cache hit)
416 http cache fresh@https://registry.npmjs.org/fresh/-/fresh-2.0.0.tgz 0ms (cache hit)
417 http cache finalhandler@https://registry.npmjs.org/finalhandler/-/finalhandler-2.1.1.tgz 0ms (cache hit)
418 http cache etag@https://registry.npmjs.org/etag/-/etag-1.8.1.tgz 1ms (cache hit)
419 http cache escape-html@https://registry.npmjs.org/escape-html/-/escape-html-1.0.3.tgz 0ms (cache hit)
420 http cache encodeurl@https://registry.npmjs.org/encodeurl/-/encodeurl-2.0.0.tgz 0ms (cache hit)
421 http cache depd@https://registry.npmjs.org/depd/-/depd-2.0.0.tgz 0ms (cache hit)
422 http cache debug@https://registry.npmjs.org/debug/-/debug-4.4.3.tgz 0ms (cache hit)
423 http cache cookie-signature@https://registry.npmjs.org/cookie-signature/-/cookie-signature-1.2.2.tgz 0ms (cache hit)
424 http cache cookie@https://registry.npmjs.org/cookie/-/cookie-0.7.2.tgz 0ms (cache hit)
425 http cache content-type@https://registry.npmjs.org/content-type/-/content-type-1.0.5.tgz 0ms (cache hit)
426 http cache content-disposition@https://registry.npmjs.org/content-disposition/-/content-disposition-1.0.1.tgz 0ms (cache hit)
427 http cache body-parser@https://registry.npmjs.org/body-parser/-/body-parser-2.2.2.tgz 0ms (cache hit)
428 http cache accepts@https://registry.npmjs.org/accepts/-/accepts-2.0.0.tgz 0ms (cache hit)
429 http cache express@https://registry.npmjs.org/express/-/express-5.2.1.tgz 0ms (cache hit)
430 http cache dotenv@https://registry.npmjs.org/dotenv/-/dotenv-17.2.3.tgz 0ms (cache hit)
431 silly tarball no local data for media-typer@https://registry.npmjs.org/media-typer/-/media-typer-1.1.0.tgz. Extracting by manifest.
432 silly tarball no local data for dunder-proto@https://registry.npmjs.org/dunder-proto/-/dunder-proto-1.0.1.tgz. Extracting by manifest.
433 silly tarball no local data for math-intrinsics@https://registry.npmjs.org/math-intrinsics/-/math-intrinsics-1.1.0.tgz. Extracting by manifest.
434 silly tarball no local data for hasown@https://registry.npmjs.org/hasown/-/hasown-2.0.2.tgz. Extracting by manifest.
435 silly tarball no local data for has-symbols@https://registry.npmjs.org/has-symbols/-/has-symbols-1.1.0.tgz. Extracting by manifest.
436 silly tarball no local data for gopd@https://registry.npmjs.org/gopd/-/gopd-1.2.0.tgz. Extracting by manifest.
437 silly tarball no local data for get-proto@https://registry.npmjs.org/get-proto/-/get-proto-1.0.1.tgz. Extracting by manifest.
438 silly tarball no local data for es-object-atoms@https://registry.npmjs.org/es-object-atoms/-/es-object-atoms-1.1.1.tgz. Extracting by manifest.
439 silly tarball no local data for es-define-property@https://registry.npmjs.org/es-define-property/-/es-define-property-1.0.1.tgz. Extracting by manifest.
440 silly tarball no local data for function-bind@https://registry.npmjs.org/function-bind/-/function-bind-1.1.2.tgz. Extracting by manifest.
441 silly tarball no local data for call-bind-apply-helpers@https://registry.npmjs.org/call-bind-apply-helpers/-/call-bind-apply-helpers-1.0.2.tgz. Extracting by manifest.
442 silly tarball no local data for get-intrinsic@https://registry.npmjs.org/get-intrinsic/-/get-intrinsic-1.3.0.tgz. Extracting by manifest.
443 silly tarball no local data for call-bound@https://registry.npmjs.org/call-bound/-/call-bound-1.0.4.tgz. Extracting by manifest.
444 silly tarball no local data for side-channel-weakmap@https://registry.npmjs.org/side-channel-weakmap/-/side-channel-weakmap-1.0.2.tgz. Extracting by manifest.
445 silly tarball no local data for side-channel-map@https://registry.npmjs.org/side-channel-map/-/side-channel-map-1.0.1.tgz. Extracting by manifest.
446 silly tarball no local data for side-channel-list@https://registry.npmjs.org/side-channel-list/-/side-channel-list-1.0.0.tgz. Extracting by manifest.
447 silly tarball no local data for object-inspect@https://registry.npmjs.org/object-inspect/-/object-inspect-1.13.4.tgz. Extracting by manifest.
448 silly tarball no local data for es-errors@https://registry.npmjs.org/es-errors/-/es-errors-1.3.0.tgz. Extracting by manifest.
449 silly tarball no local data for path-to-regexp@https://registry.npmjs.org/path-to-regexp/-/path-to-regexp-8.3.0.tgz. Extracting by manifest.
450 silly tarball no local data for is-promise@https://registry.npmjs.org/is-promise/-/is-promise-4.0.0.tgz. Extracting by manifest.
451 silly tarball no local data for unpipe@https://registry.npmjs.org/unpipe/-/unpipe-1.0.0.tgz. Extracting by manifest.
452 silly tarball no local data for side-channel@https://registry.npmjs.org/side-channel/-/side-channel-1.1.0.tgz. Extracting by manifest.
453 silly tarball no local data for ipaddr.js@https://registry.npmjs.org/ipaddr.js/-/ipaddr.js-1.9.1.tgz. Extracting by manifest.
454 silly tarball no local data for forwarded@https://registry.npmjs.org/forwarded/-/forwarded-0.2.0.tgz. Extracting by manifest.
455 silly tarball no local data for wrappy@https://registry.npmjs.org/wrappy/-/wrappy-1.0.2.tgz. Extracting by manifest.
456 silly tarball no local data for ee-first@https://registry.npmjs.org/ee-first/-/ee-first-1.1.1.tgz. Extracting by manifest.
457 silly tarball no local data for mime-db@https://registry.npmjs.org/mime-db/-/mime-db-1.54.0.tgz. Extracting by manifest.
458 silly tarball no local data for safer-buffer@https://registry.npmjs.org/safer-buffer/-/safer-buffer-2.1.2.tgz. Extracting by manifest.
459 silly tarball no local data for toidentifier@https://registry.npmjs.org/toidentifier/-/toidentifier-1.0.1.tgz. Extracting by manifest.
460 silly tarball no local data for setprototypeof@https://registry.npmjs.org/setprototypeof/-/setprototypeof-1.2.0.tgz. Extracting by manifest.
461 silly tarball no local data for inherits@https://registry.npmjs.org/inherits/-/inherits-2.0.4.tgz. Extracting by manifest.
462 silly tarball no local data for ms@https://registry.npmjs.org/ms/-/ms-2.1.3.tgz. Extracting by manifest.
463 silly tarball no local data for raw-body@https://registry.npmjs.org/raw-body/-/raw-body-3.0.2.tgz. Extracting by manifest.
464 silly tarball no local data for iconv-lite@https://registry.npmjs.org/iconv-lite/-/iconv-lite-0.7.1.tgz. Extracting by manifest.
465 silly tarball no local data for bytes@https://registry.npmjs.org/bytes/-/bytes-3.1.2.tgz. Extracting by manifest.
466 silly tarball no local data for negotiator@https://registry.npmjs.org/negotiator/-/negotiator-1.0.0.tgz. Extracting by manifest.
467 silly tarball no local data for vary@https://registry.npmjs.org/vary/-/vary-1.1.2.tgz. Extracting by manifest.
468 silly tarball no local data for type-is@https://registry.npmjs.org/type-is/-/type-is-2.0.1.tgz. Extracting by manifest.
469 silly tarball no local data for statuses@https://registry.npmjs.org/statuses/-/statuses-2.0.2.tgz. Extracting by manifest.
470 silly tarball no local data for serve-static@https://registry.npmjs.org/serve-static/-/serve-static-2.2.1.tgz. Extracting by manifest.
471 silly tarball no local data for send@https://registry.npmjs.org/send/-/send-1.2.1.tgz. Extracting by manifest.
472 silly tarball no local data for router@https://registry.npmjs.org/router/-/router-2.2.0.tgz. Extracting by manifest.
473 silly tarball no local data for range-parser@https://registry.npmjs.org/range-parser/-/range-parser-1.2.1.tgz. Extracting by manifest.
474 silly tarball no local data for qs@https://registry.npmjs.org/qs/-/qs-6.14.1.tgz. Extracting by manifest.
475 silly tarball no local data for proxy-addr@https://registry.npmjs.org/proxy-addr/-/proxy-addr-2.0.7.tgz. Extracting by manifest.
476 silly tarball no local data for parseurl@https://registry.npmjs.org/parseurl/-/parseurl-1.3.3.tgz. Extracting by manifest.
477 silly tarball no local data for once@https://registry.npmjs.org/once/-/once-1.4.0.tgz. Extracting by manifest.
478 silly tarball no local data for on-finished@https://registry.npmjs.org/on-finished/-/on-finished-2.4.1.tgz. Extracting by manifest.
479 silly tarball no local data for mime-types@https://registry.npmjs.org/mime-types/-/mime-types-3.0.2.tgz. Extracting by manifest.
480 silly tarball no local data for merge-descriptors@https://registry.npmjs.org/merge-descriptors/-/merge-descriptors-2.0.0.tgz. Extracting by manifest.
481 silly tarball no local data for http-errors@https://registry.npmjs.org/http-errors/-/http-errors-2.0.1.tgz. Extracting by manifest.
482 silly tarball no local data for fresh@https://registry.npmjs.org/fresh/-/fresh-2.0.0.tgz. Extracting by manifest.
483 silly tarball no local data for finalhandler@https://registry.npmjs.org/finalhandler/-/finalhandler-2.1.1.tgz. Extracting by manifest.
484 silly tarball no local data for etag@https://registry.npmjs.org/etag/-/etag-1.8.1.tgz. Extracting by manifest.
485 silly tarball no local data for escape-html@https://registry.npmjs.org/escape-html/-/escape-html-1.0.3.tgz. Extracting by manifest.
486 silly tarball no local data for encodeurl@https://registry.npmjs.org/encodeurl/-/encodeurl-2.0.0.tgz. Extracting by manifest.
487 silly tarball no local data for depd@https://registry.npmjs.org/depd/-/depd-2.0.0.tgz. Extracting by manifest.
488 silly tarball no local data for debug@https://registry.npmjs.org/debug/-/debug-4.4.3.tgz. Extracting by manifest.
489 silly tarball no local data for cookie-signature@https://registry.npmjs.org/cookie-signature/-/cookie-signature-1.2.2.tgz. Extracting by manifest.
490 silly tarball no local data for cookie@https://registry.npmjs.org/cookie/-/cookie-0.7.2.tgz. Extracting by manifest.
491 silly tarball no local data for content-type@https://registry.npmjs.org/content-type/-/content-type-1.0.5.tgz. Extracting by manifest.
492 silly tarball no local data for content-disposition@https://registry.npmjs.org/content-disposition/-/content-disposition-1.0.1.tgz. Extracting by manifest.
493 silly tarball no local data for body-parser@https://registry.npmjs.org/body-parser/-/body-parser-2.2.2.tgz. Extracting by manifest.
494 silly tarball no local data for accepts@https://registry.npmjs.org/accepts/-/accepts-2.0.0.tgz. Extracting by manifest.
495 silly tarball no local data for express@https://registry.npmjs.org/express/-/express-5.2.1.tgz. Extracting by manifest.
496 silly tarball no local data for dotenv@https://registry.npmjs.org/dotenv/-/dotenv-17.2.3.tgz. Extracting by manifest.
497 http fetch POST 200 https://registry.npmjs.org/-/npm/v1/security/advisories/bulk 240ms
498 silly audit report {}
499 http fetch GET 200 https://registry.npmjs.org/media-typer/-/media-typer-1.1.0.tgz 765ms (cache miss)
500 http fetch GET 200 https://registry.npmjs.org/side-channel-map/-/side-channel-map-1.0.1.tgz 788ms (cache miss)
501 http fetch GET 200 https://registry.npmjs.org/side-channel-list/-/side-channel-list-1.0.0.tgz 788ms (cache miss)
502 http fetch GET 200 https://registry.npmjs.org/side-channel/-/side-channel-1.1.0.tgz 801ms (cache miss)
503 http fetch GET 200 https://registry.npmjs.org/es-errors/-/es-errors-1.3.0.tgz 814ms (cache miss)
504 http fetch GET 200 https://registry.npmjs.org/is-promise/-/is-promise-4.0.0.tgz 814ms (cache miss)
505 http fetch GET 200 https://registry.npmjs.org/wrappy/-/wrappy-1.0.2.tgz 810ms (cache miss)
506 http fetch GET 200 https://registry.npmjs.org/get-proto/-/get-proto-1.0.1.tgz 837ms (cache miss)
507 http fetch GET 200 https://registry.npmjs.org/hasown/-/hasown-2.0.2.tgz 850ms (cache miss)
508 http fetch GET 200 https://registry.npmjs.org/gopd/-/gopd-1.2.0.tgz 850ms (cache miss)
509 http fetch GET 200 https://registry.npmjs.org/unpipe/-/unpipe-1.0.0.tgz 836ms (cache miss)
510 http fetch GET 200 https://registry.npmjs.org/toidentifier/-/toidentifier-1.0.1.tgz 826ms (cache miss)
511 http fetch GET 200 https://registry.npmjs.org/forwarded/-/forwarded-0.2.0.tgz 835ms (cache miss)
512 http fetch GET 200 https://registry.npmjs.org/setprototypeof/-/setprototypeof-1.2.0.tgz 827ms (cache miss)
513 http fetch GET 200 https://registry.npmjs.org/side-channel-weakmap/-/side-channel-weakmap-1.0.2.tgz 858ms (cache miss)
514 http fetch GET 200 https://registry.npmjs.org/inherits/-/inherits-2.0.4.tgz 836ms (cache miss)
515 http fetch GET 200 https://registry.npmjs.org/once/-/once-1.4.0.tgz 818ms (cache miss)
516 http fetch GET 200 https://registry.npmjs.org/http-errors/-/http-errors-2.0.1.tgz 816ms (cache miss)
517 http fetch GET 200 https://registry.npmjs.org/es-define-property/-/es-define-property-1.0.1.tgz 872ms (cache miss)
518 http fetch GET 200 https://registry.npmjs.org/ee-first/-/ee-first-1.1.1.tgz 852ms (cache miss)
519 http fetch GET 200 https://registry.npmjs.org/merge-descriptors/-/merge-descriptors-2.0.0.tgz 826ms (cache miss)
520 http fetch GET 200 https://registry.npmjs.org/es-object-atoms/-/es-object-atoms-1.1.1.tgz 881ms (cache miss)
521 http fetch GET 200 https://registry.npmjs.org/ms/-/ms-2.1.3.tgz 853ms (cache miss)
522 http fetch GET 200 https://registry.npmjs.org/negotiator/-/negotiator-1.0.0.tgz 849ms (cache miss)
523 http fetch GET 200 https://registry.npmjs.org/range-parser/-/range-parser-1.2.1.tgz 840ms (cache miss)
524 http fetch GET 200 https://registry.npmjs.org/on-finished/-/on-finished-2.4.1.tgz 836ms (cache miss)
525 http fetch GET 200 https://registry.npmjs.org/cookie-signature/-/cookie-signature-1.2.2.tgz 824ms (cache miss)
526 http fetch GET 200 https://registry.npmjs.org/bytes/-/bytes-3.1.2.tgz 858ms (cache miss)
527 http fetch GET 200 https://registry.npmjs.org/encodeurl/-/encodeurl-2.0.0.tgz 833ms (cache miss)
528 http fetch GET 200 https://registry.npmjs.org/parseurl/-/parseurl-1.3.3.tgz 850ms (cache miss)
529 http fetch GET 200 https://registry.npmjs.org/vary/-/vary-1.1.2.tgz 861ms (cache miss)
530 http fetch GET 200 https://registry.npmjs.org/type-is/-/type-is-2.0.1.tgz 860ms (cache miss)
531 http fetch GET 200 https://registry.npmjs.org/fresh/-/fresh-2.0.0.tgz 846ms (cache miss)
532 http fetch GET 200 https://registry.npmjs.org/escape-html/-/escape-html-1.0.3.tgz 843ms (cache miss)
533 http fetch GET 200 https://registry.npmjs.org/content-type/-/content-type-1.0.5.tgz 837ms (cache miss)
534 http fetch GET 200 https://registry.npmjs.org/raw-body/-/raw-body-3.0.2.tgz 874ms (cache miss)
535 http fetch GET 200 https://registry.npmjs.org/serve-static/-/serve-static-2.2.1.tgz 865ms (cache miss)
536 http fetch GET 200 https://registry.npmjs.org/proxy-addr/-/proxy-addr-2.0.7.tgz 861ms (cache miss)
537 http fetch GET 200 https://registry.npmjs.org/mime-types/-/mime-types-3.0.2.tgz 857ms (cache miss)
538 http fetch GET 200 https://registry.npmjs.org/accepts/-/accepts-2.0.0.tgz 842ms (cache miss)
539 http fetch GET 200 https://registry.npmjs.org/etag/-/etag-1.8.1.tgz 857ms (cache miss)
540 http fetch GET 200 https://registry.npmjs.org/send/-/send-1.2.1.tgz 875ms (cache miss)
541 http fetch GET 200 https://registry.npmjs.org/finalhandler/-/finalhandler-2.1.1.tgz 863ms (cache miss)
542 http fetch GET 200 https://registry.npmjs.org/safer-buffer/-/safer-buffer-2.1.2.tgz 896ms (cache miss)
543 http fetch GET 200 https://registry.npmjs.org/statuses/-/statuses-2.0.2.tgz 883ms (cache miss)
544 http fetch GET 200 https://registry.npmjs.org/depd/-/depd-2.0.0.tgz 863ms (cache miss)
545 http fetch GET 200 https://registry.npmjs.org/content-disposition/-/content-disposition-1.0.1.tgz 859ms (cache miss)
546 http fetch GET 200 https://registry.npmjs.org/call-bind-apply-helpers/-/call-bind-apply-helpers-1.0.2.tgz 927ms (cache miss)
547 http fetch GET 200 https://registry.npmjs.org/ipaddr.js/-/ipaddr.js-1.9.1.tgz 915ms (cache miss)
548 http fetch GET 200 https://registry.npmjs.org/cookie/-/cookie-0.7.2.tgz 868ms (cache miss)
549 http fetch GET 200 https://registry.npmjs.org/function-bind/-/function-bind-1.1.2.tgz 934ms (cache miss)
550 http fetch GET 200 https://registry.npmjs.org/call-bound/-/call-bound-1.0.4.tgz 931ms (cache miss)
551 http fetch GET 200 https://registry.npmjs.org/dunder-proto/-/dunder-proto-1.0.1.tgz 945ms (cache miss)
552 http fetch GET 200 https://registry.npmjs.org/dotenv/-/dotenv-17.2.3.tgz 880ms (cache miss)
553 http fetch GET 200 https://registry.npmjs.org/express/-/express-5.2.1.tgz 881ms (cache miss)
554 http fetch GET 200 https://registry.npmjs.org/path-to-regexp/-/path-to-regexp-8.3.0.tgz 939ms (cache miss)
555 http fetch GET 200 https://registry.npmjs.org/get-intrinsic/-/get-intrinsic-1.3.0.tgz 950ms (cache miss)
556 http fetch GET 200 https://registry.npmjs.org/has-symbols/-/has-symbols-1.1.0.tgz 1004ms (cache miss)
557 http fetch GET 200 https://registry.npmjs.org/router/-/router-2.2.0.tgz 959ms (cache miss)
558 http fetch GET 200 https://registry.npmjs.org/mime-db/-/mime-db-1.54.0.tgz 982ms (cache miss)
559 http fetch GET 200 https://registry.npmjs.org/debug/-/debug-4.4.3.tgz 957ms (cache miss)
560 http fetch GET 200 https://registry.npmjs.org/math-intrinsics/-/math-intrinsics-1.1.0.tgz 1040ms (cache miss)
561 http fetch GET 200 https://registry.npmjs.org/body-parser/-/body-parser-2.2.2.tgz 970ms (cache miss)
562 http fetch GET 200 https://registry.npmjs.org/qs/-/qs-6.14.1.tgz 998ms (cache miss)
563 http fetch GET 200 https://registry.npmjs.org/object-inspect/-/object-inspect-1.13.4.tgz 1040ms (cache miss)
564 http fetch GET 200 https://registry.npmjs.org/iconv-lite/-/iconv-lite-0.7.1.tgz 1033ms (cache miss)
565 silly ADD node_modules/media-typer
566 silly ADD node_modules/dunder-proto
567 silly ADD node_modules/math-intrinsics
568 silly ADD node_modules/hasown
569 silly ADD node_modules/has-symbols
570 silly ADD node_modules/gopd
571 silly ADD node_modules/get-proto
572 silly ADD node_modules/es-object-atoms
573 silly ADD node_modules/es-define-property
574 silly ADD node_modules/function-bind
575 silly ADD node_modules/call-bind-apply-helpers
576 silly ADD node_modules/get-intrinsic
577 silly ADD node_modules/call-bound
578 silly ADD node_modules/side-channel-weakmap
579 silly ADD node_modules/side-channel-map
580 silly ADD node_modules/side-channel-list
581 silly ADD node_modules/object-inspect
582 silly ADD node_modules/es-errors
583 silly ADD node_modules/path-to-regexp
584 silly ADD node_modules/is-promise
585 silly ADD node_modules/unpipe
586 silly ADD node_modules/side-channel
587 silly ADD node_modules/ipaddr.js
588 silly ADD node_modules/forwarded
589 silly ADD node_modules/wrappy
590 silly ADD node_modules/ee-first
591 silly ADD node_modules/mime-db
592 silly ADD node_modules/safer-buffer
593 silly ADD node_modules/toidentifier
594 silly ADD node_modules/setprototypeof
595 silly ADD node_modules/inherits
596 silly ADD node_modules/ms
597 silly ADD node_modules/raw-body
598 silly ADD node_modules/iconv-lite
599 silly ADD node_modules/bytes
600 silly ADD node_modules/negotiator
601 silly ADD node_modules/vary
602 silly ADD node_modules/type-is
603 silly ADD node_modules/statuses
604 silly ADD node_modules/serve-static
605 silly ADD node_modules/send
606 silly ADD node_modules/router
607 silly ADD node_modules/range-parser
608 silly ADD node_modules/qs
609 silly ADD node_modules/proxy-addr
610 silly ADD node_modules/parseurl
611 silly ADD node_modules/once
612 silly ADD node_modules/on-finished
613 silly ADD node_modules/mime-types
614 silly ADD node_modules/merge-descriptors
615 silly ADD node_modules/http-errors
616 silly ADD node_modules/fresh
617 silly ADD node_modules/finalhandler
618 silly ADD node_modules/etag
619 silly ADD node_modules/escape-html
620 silly ADD node_modules/encodeurl
621 silly ADD node_modules/depd
622 silly ADD node_modules/debug
623 silly ADD node_modules/cookie-signature
624 silly ADD node_modules/cookie
625 silly ADD node_modules/content-type
626 silly ADD node_modules/content-disposition
627 silly ADD node_modules/body-parser
628 silly ADD node_modules/accepts
629 silly ADD node_modules/express
630 silly ADD node_modules/dotenv
631 verbose cwd /opt/ff-news/app
632 verbose os Linux 5.15.0-161-generic
633 verbose node v24.12.0
634 verbose npm  v11.6.2
635 notice
635 notice New [33mminor[39m version of npm available! [33m11.6.2[39m -> [34m11.7.0[39m
635 notice Changelog: [34mhttps://github.com/npm/cli/releases/tag/v11.7.0[39m
635 notice To update run: [4mnpm install -g npm@11.7.0[24m
635 notice  { force: true, Symbol(proc-log.meta): true }
636 verbose exit 0
637 info ok
