0 verbose cli /usr/bin/node /usr/bin/npm
1 info using npm@11.6.2
2 info using node@v24.12.0
3 silly config load:file:/usr/lib/node_modules/npm/npmrc
4 silly config load:file:/opt/ff-news/ingest/.npmrc
5 silly config load:file:/opt/ff-news/.npmrc
6 silly config load:file:/usr/etc/npmrc
7 verbose title npm install axios cheerio luxon
8 verbose argv "install" "axios" "cheerio" "luxon"
9 verbose logfile logs-max:10 dir:/opt/ff-news/.npm/_logs/2026-01-08T06_19_43_763Z-
10 verbose logfile /opt/ff-news/.npm/_logs/2026-01-08T06_19_43_763Z-debug-0.log
11 silly logfile done cleaning log files
12 silly packumentCache heap:1130364928 maxSize:282591232 maxEntrySize:141295616
13 silly idealTree buildDeps
14 silly fetch manifest axios@*
15 silly packumentCache full:https://registry.npmjs.org/axios cache-miss
16 http fetch GET 200 https://registry.npmjs.org/axios 130ms (cache miss)
17 silly packumentCache full:https://registry.npmjs.org/axios set size:undefined disposed:false
18 silly fetch manifest cheerio@*
19 silly packumentCache full:https://registry.npmjs.org/cheerio cache-miss
20 http fetch GET 200 https://registry.npmjs.org/cheerio 54ms (cache miss)
21 silly packumentCache full:https://registry.npmjs.org/cheerio set size:undefined disposed:false
22 silly fetch manifest luxon@*
23 silly packumentCache full:https://registry.npmjs.org/luxon cache-miss
24 http fetch GET 200 https://registry.npmjs.org/luxon 140ms (cache miss)
25 silly packumentCache full:https://registry.npmjs.org/luxon set size:undefined disposed:false
26 silly placeDep ROOT axios@1.13.2 OK for: ff-news-ingest@1.0.0 want: *
27 silly placeDep ROOT cheerio@1.1.2 OK for: ff-news-ingest@1.0.0 want: *
28 silly placeDep ROOT luxon@3.7.2 OK for: ff-news-ingest@1.0.0 want: *
29 silly fetch manifest follow-redirects@^1.15.6
30 silly packumentCache full:https://registry.npmjs.org/follow-redirects cache-miss
31 http fetch GET 200 https://registry.npmjs.org/follow-redirects 39ms (cache miss)
32 silly packumentCache full:https://registry.npmjs.org/follow-redirects set size:undefined disposed:false
33 silly fetch manifest form-data@^4.0.4
34 silly packumentCache full:https://registry.npmjs.org/form-data cache-miss
35 http fetch GET 200 https://registry.npmjs.org/form-data 33ms (cache miss)
36 silly packumentCache full:https://registry.npmjs.org/form-data set size:undefined disposed:false
37 silly fetch manifest proxy-from-env@^1.1.0
38 silly packumentCache full:https://registry.npmjs.org/proxy-from-env cache-miss
39 http fetch GET 200 https://registry.npmjs.org/proxy-from-env 30ms (cache miss)
40 silly packumentCache full:https://registry.npmjs.org/proxy-from-env set size:undefined disposed:false
41 silly fetch manifest parse5@^7.3.0
42 silly packumentCache full:https://registry.npmjs.org/parse5 cache-miss
43 http fetch GET 200 https://registry.npmjs.org/parse5 275ms (cache miss)
44 silly packumentCache full:https://registry.npmjs.org/parse5 set size:undefined disposed:false
45 silly fetch manifest undici@^7.12.0
46 silly packumentCache full:https://registry.npmjs.org/undici cache-miss
47 http fetch GET 200 https://registry.npmjs.org/undici 102ms (cache miss)
48 silly packumentCache full:https://registry.npmjs.org/undici set size:undefined disposed:false
49 silly fetch manifest domutils@^3.2.2
50 silly packumentCache full:https://registry.npmjs.org/domutils cache-miss
51 http fetch GET 200 https://registry.npmjs.org/domutils 38ms (cache miss)
52 silly packumentCache full:https://registry.npmjs.org/domutils set size:undefined disposed:false
53 silly fetch manifest domhandler@^5.0.3
54 silly packumentCache full:https://registry.npmjs.org/domhandler cache-miss
55 http fetch GET 200 https://registry.npmjs.org/domhandler 35ms (cache miss)
56 silly packumentCache full:https://registry.npmjs.org/domhandler set size:undefined disposed:false
57 silly fetch manifest htmlparser2@^10.0.0
58 silly packumentCache full:https://registry.npmjs.org/htmlparser2 cache-miss
59 http fetch GET 200 https://registry.npmjs.org/htmlparser2 34ms (cache miss)
60 silly packumentCache full:https://registry.npmjs.org/htmlparser2 set size:undefined disposed:false
61 silly fetch manifest cheerio-select@^2.1.0
62 silly packumentCache full:https://registry.npmjs.org/cheerio-select cache-miss
63 http fetch GET 200 https://registry.npmjs.org/cheerio-select 26ms (cache miss)
64 silly packumentCache full:https://registry.npmjs.org/cheerio-select set size:undefined disposed:false
65 silly fetch manifest dom-serializer@^2.0.0
66 silly packumentCache full:https://registry.npmjs.org/dom-serializer cache-miss
67 http fetch GET 200 https://registry.npmjs.org/dom-serializer 45ms (cache miss)
68 silly packumentCache full:https://registry.npmjs.org/dom-serializer set size:undefined disposed:false
69 silly fetch manifest whatwg-mimetype@^4.0.0
70 silly packumentCache full:https://registry.npmjs.org/whatwg-mimetype cache-miss
71 http fetch GET 200 https://registry.npmjs.org/whatwg-mimetype 30ms (cache miss)
72 silly packumentCache full:https://registry.npmjs.org/whatwg-mimetype set size:undefined disposed:false
73 silly fetch manifest encoding-sniffer@^0.2.1
74 silly packumentCache full:https://registry.npmjs.org/encoding-sniffer cache-miss
75 http fetch GET 200 https://registry.npmjs.org/encoding-sniffer 217ms (cache miss)
76 silly packumentCache full:https://registry.npmjs.org/encoding-sniffer set size:undefined disposed:false
77 silly fetch manifest parse5-parser-stream@^7.1.2
78 silly packumentCache full:https://registry.npmjs.org/parse5-parser-stream cache-miss
79 http fetch GET 200 https://registry.npmjs.org/parse5-parser-stream 110ms (cache miss)
80 silly packumentCache full:https://registry.npmjs.org/parse5-parser-stream set size:undefined disposed:false
81 silly fetch manifest parse5-htmlparser2-tree-adapter@^7.1.0
82 silly packumentCache full:https://registry.npmjs.org/parse5-htmlparser2-tree-adapter cache-miss
83 http fetch GET 200 https://registry.npmjs.org/parse5-htmlparser2-tree-adapter 28ms (cache miss)
84 silly packumentCache full:https://registry.npmjs.org/parse5-htmlparser2-tree-adapter set size:undefined disposed:false
85 silly placeDep ROOT follow-redirects@1.15.11 OK for: axios@1.13.2 want: ^1.15.6
86 silly placeDep ROOT form-data@4.0.5 OK for: axios@1.13.2 want: ^4.0.4
87 silly placeDep ROOT proxy-from-env@1.1.0 OK for: axios@1.13.2 want: ^1.1.0
88 silly fetch manifest asynckit@^0.4.0
89 silly packumentCache full:https://registry.npmjs.org/asynckit cache-miss
90 http fetch GET 200 https://registry.npmjs.org/asynckit 25ms (cache miss)
91 silly packumentCache full:https://registry.npmjs.org/asynckit set size:undefined disposed:false
92 silly fetch manifest combined-stream@^1.0.8
93 silly packumentCache full:https://registry.npmjs.org/combined-stream cache-miss
94 http fetch GET 200 https://registry.npmjs.org/combined-stream 29ms (cache miss)
95 silly packumentCache full:https://registry.npmjs.org/combined-stream set size:undefined disposed:false
96 silly fetch manifest es-set-tostringtag@^2.1.0
97 silly packumentCache full:https://registry.npmjs.org/es-set-tostringtag cache-miss
98 http fetch GET 200 https://registry.npmjs.org/es-set-tostringtag 27ms (cache miss)
99 silly packumentCache full:https://registry.npmjs.org/es-set-tostringtag set size:undefined disposed:false
100 silly fetch manifest hasown@^2.0.2
101 silly packumentCache full:https://registry.npmjs.org/hasown cache-miss
102 http fetch GET 200 https://registry.npmjs.org/hasown 41ms (cache revalidated)
103 silly packumentCache full:https://registry.npmjs.org/hasown set size:12476 disposed:false
104 silly fetch manifest mime-types@^2.1.12
105 silly packumentCache full:https://registry.npmjs.org/mime-types cache-miss
106 http fetch GET 200 https://registry.npmjs.org/mime-types 28ms (cache revalidated)
107 silly packumentCache full:https://registry.npmjs.org/mime-types set size:139110 disposed:false
108 silly placeDep ROOT cheerio-select@2.1.0 OK for: cheerio@1.1.2 want: ^2.1.0
109 silly placeDep ROOT dom-serializer@2.0.0 OK for: cheerio@1.1.2 want: ^2.0.0
110 silly placeDep ROOT domhandler@5.0.3 OK for: cheerio@1.1.2 want: ^5.0.3
111 silly placeDep ROOT domutils@3.2.2 OK for: cheerio@1.1.2 want: ^3.2.2
112 silly placeDep ROOT encoding-sniffer@0.2.1 OK for: cheerio@1.1.2 want: ^0.2.1
113 silly placeDep ROOT htmlparser2@10.0.0 OK for: cheerio@1.1.2 want: ^10.0.0
114 silly placeDep ROOT parse5@7.3.0 OK for: cheerio@1.1.2 want: ^7.3.0
115 silly placeDep ROOT parse5-htmlparser2-tree-adapter@7.1.0 OK for: cheerio@1.1.2 want: ^7.1.0
116 silly placeDep ROOT parse5-parser-stream@7.1.2 OK for: cheerio@1.1.2 want: ^7.1.2
117 silly placeDep ROOT undici@7.18.2 OK for: cheerio@1.1.2 want: ^7.12.0
118 silly placeDep ROOT whatwg-mimetype@4.0.0 OK for: cheerio@1.1.2 want: ^4.0.0
119 silly fetch manifest boolbase@^1.0.0
120 silly packumentCache full:https://registry.npmjs.org/boolbase cache-miss
121 http fetch GET 200 https://registry.npmjs.org/boolbase 31ms (cache miss)
122 silly packumentCache full:https://registry.npmjs.org/boolbase set size:undefined disposed:false
123 silly fetch manifest css-select@^5.1.0
124 silly packumentCache full:https://registry.npmjs.org/css-select cache-miss
125 http fetch GET 200 https://registry.npmjs.org/css-select 37ms (cache miss)
126 silly packumentCache full:https://registry.npmjs.org/css-select set size:undefined disposed:false
127 silly fetch manifest css-what@^6.1.0
128 silly packumentCache full:https://registry.npmjs.org/css-what cache-miss
129 http fetch GET 200 https://registry.npmjs.org/css-what 32ms (cache miss)
130 silly packumentCache full:https://registry.npmjs.org/css-what set size:undefined disposed:false
131 silly fetch manifest domelementtype@^2.3.0
132 silly packumentCache full:https://registry.npmjs.org/domelementtype cache-miss
133 http fetch GET 200 https://registry.npmjs.org/domelementtype 113ms (cache miss)
134 silly packumentCache full:https://registry.npmjs.org/domelementtype set size:undefined disposed:false
135 silly fetch manifest domutils@^3.0.1
136 silly packumentCache full:https://registry.npmjs.org/domutils cache-miss
137 http cache https://registry.npmjs.org/domutils 42ms (cache hit)
138 silly packumentCache full:https://registry.npmjs.org/domutils set size:102774 disposed:false
139 silly fetch manifest domhandler@^5.0.2
140 silly packumentCache full:https://registry.npmjs.org/domhandler cache-miss
141 http cache https://registry.npmjs.org/domhandler 4ms (cache hit)
142 silly packumentCache full:https://registry.npmjs.org/domhandler set size:73302 disposed:false
143 silly fetch manifest entities@^4.2.0
144 silly packumentCache full:https://registry.npmjs.org/entities cache-miss
145 http fetch GET 200 https://registry.npmjs.org/entities 118ms (cache miss)
146 silly packumentCache full:https://registry.npmjs.org/entities set size:undefined disposed:false
147 silly fetch manifest iconv-lite@^0.6.3
148 silly packumentCache full:https://registry.npmjs.org/iconv-lite cache-miss
149 http fetch GET 200 https://registry.npmjs.org/iconv-lite 32ms (cache revalidated)
150 silly packumentCache full:https://registry.npmjs.org/iconv-lite set size:121629 disposed:false
151 silly fetch manifest whatwg-encoding@^3.1.1
152 silly packumentCache full:https://registry.npmjs.org/whatwg-encoding cache-miss
153 http fetch GET 200 https://registry.npmjs.org/whatwg-encoding 120ms (cache miss)
154 silly packumentCache full:https://registry.npmjs.org/whatwg-encoding set size:undefined disposed:false
155 silly fetch manifest entities@^6.0.0
156 silly packumentCache full:https://registry.npmjs.org/entities cache-miss
157 http cache https://registry.npmjs.org/entities 6ms (cache hit)
158 silly packumentCache full:https://registry.npmjs.org/entities set size:94747 disposed:false
159 silly placeDep ROOT boolbase@1.0.0 OK for: cheerio-select@2.1.0 want: ^1.0.0
160 silly placeDep ROOT css-select@5.2.2 OK for: cheerio-select@2.1.0 want: ^5.1.0
161 silly placeDep ROOT css-what@6.2.2 OK for: cheerio-select@2.1.0 want: ^6.1.0
162 silly placeDep ROOT domelementtype@2.3.0 OK for: cheerio-select@2.1.0 want: ^2.3.0
163 silly fetch manifest nth-check@^2.0.1
164 silly packumentCache full:https://registry.npmjs.org/nth-check cache-miss
165 http fetch GET 200 https://registry.npmjs.org/nth-check 29ms (cache miss)
166 silly packumentCache full:https://registry.npmjs.org/nth-check set size:undefined disposed:false
167 silly placeDep ROOT nth-check@2.1.1 OK for: css-select@5.2.2 want: ^2.0.1
168 silly placeDep ROOT entities@4.5.0 OK for: dom-serializer@2.0.0 want: ^4.2.0
169 silly placeDep ROOT iconv-lite@0.6.3 OK for: encoding-sniffer@0.2.1 want: ^0.6.3
170 silly placeDep ROOT whatwg-encoding@3.1.1 OK for: encoding-sniffer@0.2.1 want: ^3.1.1
171 silly fetch manifest safer-buffer@>= 2.1.2 < 3.0.0
172 silly packumentCache full:https://registry.npmjs.org/safer-buffer cache-miss
173 http fetch GET 200 https://registry.npmjs.org/safer-buffer 36ms (cache revalidated)
174 silly packumentCache full:https://registry.npmjs.org/safer-buffer set size:18521 disposed:false
175 silly placeDep ROOT asynckit@0.4.0 OK for: form-data@4.0.5 want: ^0.4.0
176 silly placeDep ROOT combined-stream@1.0.8 OK for: form-data@4.0.5 want: ^1.0.8
177 silly placeDep ROOT es-set-tostringtag@2.1.0 OK for: form-data@4.0.5 want: ^2.1.0
178 silly placeDep ROOT hasown@2.0.2 OK for: form-data@4.0.5 want: ^2.0.2
179 silly placeDep ROOT mime-types@2.1.35 OK for: form-data@4.0.5 want: ^2.1.12
180 silly fetch manifest delayed-stream@~1.0.0
181 silly packumentCache full:https://registry.npmjs.org/delayed-stream cache-miss
182 http fetch GET 200 https://registry.npmjs.org/delayed-stream 32ms (cache miss)
183 silly packumentCache full:https://registry.npmjs.org/delayed-stream set size:undefined disposed:false
184 silly fetch manifest es-errors@^1.3.0
185 silly packumentCache full:https://registry.npmjs.org/es-errors cache-miss
186 http fetch GET 200 https://registry.npmjs.org/es-errors 28ms (cache revalidated)
187 silly packumentCache full:https://registry.npmjs.org/es-errors set size:16918 disposed:false
188 silly fetch manifest get-intrinsic@^1.2.6
189 silly packumentCache full:https://registry.npmjs.org/get-intrinsic cache-miss
190 http fetch GET 200 https://registry.npmjs.org/get-intrinsic 27ms (cache revalidated)
191 silly packumentCache full:https://registry.npmjs.org/get-intrinsic set size:60985 disposed:false
192 silly fetch manifest has-tostringtag@^1.0.2
193 silly packumentCache full:https://registry.npmjs.org/has-tostringtag cache-miss
194 http fetch GET 200 https://registry.npmjs.org/has-tostringtag 31ms (cache miss)
195 silly packumentCache full:https://registry.npmjs.org/has-tostringtag set size:undefined disposed:false
196 silly fetch manifest function-bind@^1.1.2
197 silly packumentCache full:https://registry.npmjs.org/function-bind cache-miss
198 http fetch GET 200 https://registry.npmjs.org/function-bind 41ms (cache revalidated)
199 silly packumentCache full:https://registry.npmjs.org/function-bind set size:15733 disposed:false
200 silly fetch manifest mime-db@1.52.0
201 silly packumentCache full:https://registry.npmjs.org/mime-db cache-miss
202 http fetch GET 200 https://registry.npmjs.org/mime-db 30ms (cache revalidated)
203 silly packumentCache full:https://registry.npmjs.org/mime-db set size:164953 disposed:false
204 silly placeDep ROOT delayed-stream@1.0.0 OK for: combined-stream@1.0.8 want: ~1.0.0
205 silly placeDep ROOT es-errors@1.3.0 OK for: es-set-tostringtag@2.1.0 want: ^1.3.0
206 silly placeDep ROOT get-intrinsic@1.3.0 OK for: es-set-tostringtag@2.1.0 want: ^1.2.6
207 silly placeDep ROOT has-tostringtag@1.0.2 OK for: es-set-tostringtag@2.1.0 want: ^1.0.2
208 silly fetch manifest gopd@^1.2.0
209 silly packumentCache full:https://registry.npmjs.org/gopd cache-miss
210 http fetch GET 200 https://registry.npmjs.org/gopd 29ms (cache revalidated)
211 silly packumentCache full:https://registry.npmjs.org/gopd set size:11458 disposed:false
212 silly fetch manifest get-proto@^1.0.1
213 silly packumentCache full:https://registry.npmjs.org/get-proto cache-miss
214 http fetch GET 200 https://registry.npmjs.org/get-proto 25ms (cache revalidated)
215 silly packumentCache full:https://registry.npmjs.org/get-proto set size:8300 disposed:false
216 silly fetch manifest has-symbols@^1.1.0
217 silly packumentCache full:https://registry.npmjs.org/has-symbols cache-miss
218 http fetch GET 200 https://registry.npmjs.org/has-symbols 22ms (cache revalidated)
219 silly packumentCache full:https://registry.npmjs.org/has-symbols set size:21550 disposed:false
220 silly fetch manifest es-object-atoms@^1.1.1
221 silly packumentCache full:https://registry.npmjs.org/es-object-atoms cache-miss
222 http fetch GET 200 https://registry.npmjs.org/es-object-atoms 31ms (cache revalidated)
223 silly packumentCache full:https://registry.npmjs.org/es-object-atoms set size:15304 disposed:false
224 silly fetch manifest math-intrinsics@^1.1.0
225 silly packumentCache full:https://registry.npmjs.org/math-intrinsics cache-miss
226 http fetch GET 200 https://registry.npmjs.org/math-intrinsics 23ms (cache revalidated)
227 silly packumentCache full:https://registry.npmjs.org/math-intrinsics set size:9265 disposed:false
228 silly fetch manifest es-define-property@^1.0.1
229 silly packumentCache full:https://registry.npmjs.org/es-define-property cache-miss
230 http fetch GET 200 https://registry.npmjs.org/es-define-property 26ms (cache revalidated)
231 silly packumentCache full:https://registry.npmjs.org/es-define-property set size:8542 disposed:false
232 silly fetch manifest call-bind-apply-helpers@^1.0.2
233 silly packumentCache full:https://registry.npmjs.org/call-bind-apply-helpers cache-miss
234 http fetch GET 200 https://registry.npmjs.org/call-bind-apply-helpers 24ms (cache revalidated)
235 silly packumentCache full:https://registry.npmjs.org/call-bind-apply-helpers set size:12744 disposed:false
236 silly fetch manifest has-symbols@^1.0.3
237 silly packumentCache full:https://registry.npmjs.org/has-symbols cache-hit
238 silly placeDep ROOT call-bind-apply-helpers@1.0.2 OK for: get-intrinsic@1.3.0 want: ^1.0.2
239 silly placeDep ROOT es-define-property@1.0.1 OK for: get-intrinsic@1.3.0 want: ^1.0.1
240 silly placeDep ROOT es-object-atoms@1.1.1 OK for: get-intrinsic@1.3.0 want: ^1.1.1
241 silly placeDep ROOT function-bind@1.1.2 OK for: get-intrinsic@1.3.0 want: ^1.1.2
242 silly placeDep ROOT get-proto@1.0.1 OK for: get-intrinsic@1.3.0 want: ^1.0.1
243 silly placeDep ROOT gopd@1.2.0 OK for: get-intrinsic@1.3.0 want: ^1.2.0
244 silly placeDep ROOT has-symbols@1.1.0 OK for: get-intrinsic@1.3.0 want: ^1.1.0
245 silly placeDep ROOT math-intrinsics@1.1.0 OK for: get-intrinsic@1.3.0 want: ^1.1.0
246 silly fetch manifest dunder-proto@^1.0.1
247 silly packumentCache full:https://registry.npmjs.org/dunder-proto cache-miss
248 http fetch GET 200 https://registry.npmjs.org/dunder-proto 28ms (cache revalidated)
249 silly packumentCache full:https://registry.npmjs.org/dunder-proto set size:8256 disposed:false
250 silly placeDep ROOT dunder-proto@1.0.1 OK for: get-proto@1.0.1 want: ^1.0.1
251 silly placeDep node_modules/htmlparser2 entities@6.0.1 OK for: htmlparser2@10.0.0 want: ^6.0.0
252 silly placeDep ROOT safer-buffer@2.1.2 OK for: iconv-lite@0.6.3 want: >= 2.1.2 < 3.0.0
253 silly placeDep ROOT mime-db@1.52.0 OK for: mime-types@2.1.35 want: 1.52.0
254 silly placeDep node_modules/parse5 entities@6.0.1 OK for: parse5@7.3.0 want: ^6.0.0
255 silly reify moves {}
256 silly audit bulk request {
256 silly audit   axios: [ '1.13.2' ],
256 silly audit   cheerio: [ '1.1.2' ],
256 silly audit   luxon: [ '3.7.2' ],
256 silly audit   'follow-redirects': [ '1.15.11' ],
256 silly audit   'form-data': [ '4.0.5' ],
256 silly audit   'proxy-from-env': [ '1.1.0' ],
256 silly audit   'cheerio-select': [ '2.1.0' ],
256 silly audit   'dom-serializer': [ '2.0.0' ],
256 silly audit   domhandler: [ '5.0.3' ],
256 silly audit   domutils: [ '3.2.2' ],
256 silly audit   'encoding-sniffer': [ '0.2.1' ],
256 silly audit   htmlparser2: [ '10.0.0' ],
256 silly audit   parse5: [ '7.3.0' ],
256 silly audit   'parse5-htmlparser2-tree-adapter': [ '7.1.0' ],
256 silly audit   'parse5-parser-stream': [ '7.1.2' ],
256 silly audit   undici: [ '7.18.2' ],
256 silly audit   'whatwg-mimetype': [ '4.0.0' ],
256 silly audit   boolbase: [ '1.0.0' ],
256 silly audit   'css-select': [ '5.2.2' ],
256 silly audit   'css-what': [ '6.2.2' ],
256 silly audit   domelementtype: [ '2.3.0' ],
256 silly audit   'nth-check': [ '2.1.1' ],
256 silly audit   entities: [ '4.5.0', '6.0.1' ],
256 silly audit   'iconv-lite': [ '0.6.3' ],
256 silly audit   'whatwg-encoding': [ '3.1.1' ],
256 silly audit   asynckit: [ '0.4.0' ],
256 silly audit   'combined-stream': [ '1.0.8' ],
256 silly audit   'es-set-tostringtag': [ '2.1.0' ],
256 silly audit   hasown: [ '2.0.2' ],
256 silly audit   'mime-types': [ '2.1.35' ],
256 silly audit   'delayed-stream': [ '1.0.0' ],
256 silly audit   'es-errors': [ '1.3.0' ],
256 silly audit   'get-intrinsic': [ '1.3.0' ],
256 silly audit   'has-tostringtag': [ '1.0.2' ],
256 silly audit   'call-bind-apply-helpers': [ '1.0.2' ],
256 silly audit   'es-define-property': [ '1.0.1' ],
256 silly audit   'es-object-atoms': [ '1.1.1' ],
256 silly audit   'function-bind': [ '1.1.2' ],
256 silly audit   'get-proto': [ '1.0.1' ],
256 silly audit   gopd: [ '1.2.0' ],
256 silly audit   'has-symbols': [ '1.1.0' ],
256 silly audit   'math-intrinsics': [ '1.1.0' ],
256 silly audit   'dunder-proto': [ '1.0.1' ],
256 silly audit   'safer-buffer': [ '2.1.2' ],
256 silly audit   'mime-db': [ '1.52.0' ]
256 silly audit }
257 http cache mime-db@https://registry.npmjs.org/mime-db/-/mime-db-1.52.0.tgz 0ms (cache hit)
258 http cache safer-buffer@https://registry.npmjs.org/safer-buffer/-/safer-buffer-2.1.2.tgz 0ms (cache hit)
259 http cache dunder-proto@https://registry.npmjs.org/dunder-proto/-/dunder-proto-1.0.1.tgz 0ms (cache hit)
260 http cache math-intrinsics@https://registry.npmjs.org/math-intrinsics/-/math-intrinsics-1.1.0.tgz 0ms (cache hit)
261 http cache has-symbols@https://registry.npmjs.org/has-symbols/-/has-symbols-1.1.0.tgz 0ms (cache hit)
262 http cache gopd@https://registry.npmjs.org/gopd/-/gopd-1.2.0.tgz 0ms (cache hit)
263 http cache get-proto@https://registry.npmjs.org/get-proto/-/get-proto-1.0.1.tgz 0ms (cache hit)
264 http cache function-bind@https://registry.npmjs.org/function-bind/-/function-bind-1.1.2.tgz 0ms (cache hit)
265 http cache es-object-atoms@https://registry.npmjs.org/es-object-atoms/-/es-object-atoms-1.1.1.tgz 1ms (cache hit)
266 http cache es-define-property@https://registry.npmjs.org/es-define-property/-/es-define-property-1.0.1.tgz 0ms (cache hit)
267 http cache call-bind-apply-helpers@https://registry.npmjs.org/call-bind-apply-helpers/-/call-bind-apply-helpers-1.0.2.tgz 0ms (cache hit)
268 http cache has-tostringtag@https://registry.npmjs.org/has-tostringtag/-/has-tostringtag-1.0.2.tgz 0ms (cache hit)
269 http cache get-intrinsic@https://registry.npmjs.org/get-intrinsic/-/get-intrinsic-1.3.0.tgz 0ms (cache hit)
270 http cache es-errors@https://registry.npmjs.org/es-errors/-/es-errors-1.3.0.tgz 0ms (cache hit)
271 http cache delayed-stream@https://registry.npmjs.org/delayed-stream/-/delayed-stream-1.0.0.tgz 0ms (cache hit)
272 http cache mime-types@https://registry.npmjs.org/mime-types/-/mime-types-2.1.35.tgz 0ms (cache hit)
273 http cache hasown@https://registry.npmjs.org/hasown/-/hasown-2.0.2.tgz 0ms (cache hit)
274 http cache es-set-tostringtag@https://registry.npmjs.org/es-set-tostringtag/-/es-set-tostringtag-2.1.0.tgz 0ms (cache hit)
275 http cache combined-stream@https://registry.npmjs.org/combined-stream/-/combined-stream-1.0.8.tgz 0ms (cache hit)
276 http cache asynckit@https://registry.npmjs.org/asynckit/-/asynckit-0.4.0.tgz 0ms (cache hit)
277 http cache whatwg-encoding@https://registry.npmjs.org/whatwg-encoding/-/whatwg-encoding-3.1.1.tgz 0ms (cache hit)
278 http cache iconv-lite@https://registry.npmjs.org/iconv-lite/-/iconv-lite-0.6.3.tgz 1ms (cache hit)
279 http cache entities@https://registry.npmjs.org/entities/-/entities-4.5.0.tgz 0ms (cache hit)
280 http cache nth-check@https://registry.npmjs.org/nth-check/-/nth-check-2.1.1.tgz 0ms (cache hit)
281 http cache domelementtype@https://registry.npmjs.org/domelementtype/-/domelementtype-2.3.0.tgz 0ms (cache hit)
282 http cache css-what@https://registry.npmjs.org/css-what/-/css-what-6.2.2.tgz 0ms (cache hit)
283 http cache css-select@https://registry.npmjs.org/css-select/-/css-select-5.2.2.tgz 0ms (cache hit)
284 http cache boolbase@https://registry.npmjs.org/boolbase/-/boolbase-1.0.0.tgz 0ms (cache hit)
285 http cache whatwg-mimetype@https://registry.npmjs.org/whatwg-mimetype/-/whatwg-mimetype-4.0.0.tgz 0ms (cache hit)
286 http cache undici@https://registry.npmjs.org/undici/-/undici-7.18.2.tgz 0ms (cache hit)
287 http cache parse5-parser-stream@https://registry.npmjs.org/parse5-parser-stream/-/parse5-parser-stream-7.1.2.tgz 0ms (cache hit)
288 http cache parse5-htmlparser2-tree-adapter@https://registry.npmjs.org/parse5-htmlparser2-tree-adapter/-/parse5-htmlparser2-tree-adapter-7.1.0.tgz 0ms (cache hit)
289 http cache parse5@https://registry.npmjs.org/parse5/-/parse5-7.3.0.tgz 0ms (cache hit)
290 http cache htmlparser2@https://registry.npmjs.org/htmlparser2/-/htmlparser2-10.0.0.tgz 0ms (cache hit)
291 http cache encoding-sniffer@https://registry.npmjs.org/encoding-sniffer/-/encoding-sniffer-0.2.1.tgz 0ms (cache hit)
292 http cache domutils@https://registry.npmjs.org/domutils/-/domutils-3.2.2.tgz 0ms (cache hit)
293 http cache domhandler@https://registry.npmjs.org/domhandler/-/domhandler-5.0.3.tgz 0ms (cache hit)
294 http cache dom-serializer@https://registry.npmjs.org/dom-serializer/-/dom-serializer-2.0.0.tgz 0ms (cache hit)
295 http cache cheerio-select@https://registry.npmjs.org/cheerio-select/-/cheerio-select-2.1.0.tgz 0ms (cache hit)
296 http cache proxy-from-env@https://registry.npmjs.org/proxy-from-env/-/proxy-from-env-1.1.0.tgz 0ms (cache hit)
297 http cache form-data@https://registry.npmjs.org/form-data/-/form-data-4.0.5.tgz 0ms (cache hit)
298 http cache follow-redirects@https://registry.npmjs.org/follow-redirects/-/follow-redirects-1.15.11.tgz 0ms (cache hit)
299 http cache luxon@https://registry.npmjs.org/luxon/-/luxon-3.7.2.tgz 0ms (cache hit)
300 http cache cheerio@https://registry.npmjs.org/cheerio/-/cheerio-1.1.2.tgz 0ms (cache hit)
301 http cache axios@https://registry.npmjs.org/axios/-/axios-1.13.2.tgz 0ms (cache hit)
302 http cache entities@https://registry.npmjs.org/entities/-/entities-6.0.1.tgz 0ms (cache hit)
303 http cache entities@https://registry.npmjs.org/entities/-/entities-6.0.1.tgz 0ms (cache hit)
304 silly tarball no local data for mime-db@https://registry.npmjs.org/mime-db/-/mime-db-1.52.0.tgz. Extracting by manifest.
305 silly tarball no local data for has-tostringtag@https://registry.npmjs.org/has-tostringtag/-/has-tostringtag-1.0.2.tgz. Extracting by manifest.
306 silly tarball no local data for delayed-stream@https://registry.npmjs.org/delayed-stream/-/delayed-stream-1.0.0.tgz. Extracting by manifest.
307 silly tarball no local data for mime-types@https://registry.npmjs.org/mime-types/-/mime-types-2.1.35.tgz. Extracting by manifest.
308 silly tarball no local data for es-set-tostringtag@https://registry.npmjs.org/es-set-tostringtag/-/es-set-tostringtag-2.1.0.tgz. Extracting by manifest.
309 silly tarball no local data for combined-stream@https://registry.npmjs.org/combined-stream/-/combined-stream-1.0.8.tgz. Extracting by manifest.
310 silly tarball no local data for asynckit@https://registry.npmjs.org/asynckit/-/asynckit-0.4.0.tgz. Extracting by manifest.
311 silly tarball no local data for whatwg-encoding@https://registry.npmjs.org/whatwg-encoding/-/whatwg-encoding-3.1.1.tgz. Extracting by manifest.
312 silly tarball no local data for iconv-lite@https://registry.npmjs.org/iconv-lite/-/iconv-lite-0.6.3.tgz. Extracting by manifest.
313 silly tarball no local data for entities@https://registry.npmjs.org/entities/-/entities-4.5.0.tgz. Extracting by manifest.
314 silly tarball no local data for nth-check@https://registry.npmjs.org/nth-check/-/nth-check-2.1.1.tgz. Extracting by manifest.
315 silly tarball no local data for domelementtype@https://registry.npmjs.org/domelementtype/-/domelementtype-2.3.0.tgz. Extracting by manifest.
316 silly tarball no local data for css-what@https://registry.npmjs.org/css-what/-/css-what-6.2.2.tgz. Extracting by manifest.
317 silly tarball no local data for css-select@https://registry.npmjs.org/css-select/-/css-select-5.2.2.tgz. Extracting by manifest.
318 silly tarball no local data for boolbase@https://registry.npmjs.org/boolbase/-/boolbase-1.0.0.tgz. Extracting by manifest.
319 silly tarball no local data for whatwg-mimetype@https://registry.npmjs.org/whatwg-mimetype/-/whatwg-mimetype-4.0.0.tgz. Extracting by manifest.
320 silly tarball no local data for undici@https://registry.npmjs.org/undici/-/undici-7.18.2.tgz. Extracting by manifest.
321 silly tarball no local data for parse5-parser-stream@https://registry.npmjs.org/parse5-parser-stream/-/parse5-parser-stream-7.1.2.tgz. Extracting by manifest.
322 silly tarball no local data for parse5-htmlparser2-tree-adapter@https://registry.npmjs.org/parse5-htmlparser2-tree-adapter/-/parse5-htmlparser2-tree-adapter-7.1.0.tgz. Extracting by manifest.
323 silly tarball no local data for parse5@https://registry.npmjs.org/parse5/-/parse5-7.3.0.tgz. Extracting by manifest.
324 silly tarball no local data for htmlparser2@https://registry.npmjs.org/htmlparser2/-/htmlparser2-10.0.0.tgz. Extracting by manifest.
325 silly tarball no local data for encoding-sniffer@https://registry.npmjs.org/encoding-sniffer/-/encoding-sniffer-0.2.1.tgz. Extracting by manifest.
326 silly tarball no local data for domutils@https://registry.npmjs.org/domutils/-/domutils-3.2.2.tgz. Extracting by manifest.
327 silly tarball no local data for domhandler@https://registry.npmjs.org/domhandler/-/domhandler-5.0.3.tgz. Extracting by manifest.
328 silly tarball no local data for dom-serializer@https://registry.npmjs.org/dom-serializer/-/dom-serializer-2.0.0.tgz. Extracting by manifest.
329 silly tarball no local data for cheerio-select@https://registry.npmjs.org/cheerio-select/-/cheerio-select-2.1.0.tgz. Extracting by manifest.
330 silly tarball no local data for proxy-from-env@https://registry.npmjs.org/proxy-from-env/-/proxy-from-env-1.1.0.tgz. Extracting by manifest.
331 silly tarball no local data for form-data@https://registry.npmjs.org/form-data/-/form-data-4.0.5.tgz. Extracting by manifest.
332 silly tarball no local data for follow-redirects@https://registry.npmjs.org/follow-redirects/-/follow-redirects-1.15.11.tgz. Extracting by manifest.
333 silly tarball no local data for luxon@https://registry.npmjs.org/luxon/-/luxon-3.7.2.tgz. Extracting by manifest.
334 silly tarball no local data for cheerio@https://registry.npmjs.org/cheerio/-/cheerio-1.1.2.tgz. Extracting by manifest.
335 silly tarball no local data for axios@https://registry.npmjs.org/axios/-/axios-1.13.2.tgz. Extracting by manifest.
336 silly tarball no local data for entities@https://registry.npmjs.org/entities/-/entities-6.0.1.tgz. Extracting by manifest.
337 silly tarball no local data for entities@https://registry.npmjs.org/entities/-/entities-6.0.1.tgz. Extracting by manifest.
338 http fetch POST 200 https://registry.npmjs.org/-/npm/v1/security/advisories/bulk 213ms
339 silly audit report {}
340 http fetch GET 200 https://registry.npmjs.org/boolbase/-/boolbase-1.0.0.tgz 540ms (cache miss)
341 http fetch GET 200 https://registry.npmjs.org/whatwg-mimetype/-/whatwg-mimetype-4.0.0.tgz 566ms (cache miss)
342 http fetch GET 200 https://registry.npmjs.org/cheerio-select/-/cheerio-select-2.1.0.tgz 561ms (cache miss)
343 http fetch GET 200 https://registry.npmjs.org/proxy-from-env/-/proxy-from-env-1.1.0.tgz 560ms (cache miss)
344 http fetch GET 200 https://registry.npmjs.org/whatwg-encoding/-/whatwg-encoding-3.1.1.tgz 593ms (cache miss)
345 warn deprecated whatwg-encoding@3.1.1: Use @exodus/bytes instead for a more spec-conformant and faster implementation
346 http fetch GET 200 https://registry.npmjs.org/delayed-stream/-/delayed-stream-1.0.0.tgz 609ms (cache miss)
347 http fetch GET 200 https://registry.npmjs.org/follow-redirects/-/follow-redirects-1.15.11.tgz 582ms (cache miss)
348 http fetch GET 200 https://registry.npmjs.org/mime-types/-/mime-types-2.1.35.tgz 623ms (cache miss)
349 http fetch GET 200 https://registry.npmjs.org/combined-stream/-/combined-stream-1.0.8.tgz 632ms (cache miss)
350 http fetch GET 200 https://registry.npmjs.org/parse5-parser-stream/-/parse5-parser-stream-7.1.2.tgz 632ms (cache miss)
351 http fetch GET 200 https://registry.npmjs.org/es-set-tostringtag/-/es-set-tostringtag-2.1.0.tgz 660ms (cache miss)
352 http fetch GET 200 https://registry.npmjs.org/parse5-htmlparser2-tree-adapter/-/parse5-htmlparser2-tree-adapter-7.1.0.tgz 641ms (cache miss)
353 http fetch GET 200 https://registry.npmjs.org/domelementtype/-/domelementtype-2.3.0.tgz 689ms (cache miss)
354 http fetch GET 200 https://registry.npmjs.org/mime-db/-/mime-db-1.52.0.tgz 715ms (cache miss)
355 http fetch GET 200 https://registry.npmjs.org/has-tostringtag/-/has-tostringtag-1.0.2.tgz 716ms (cache miss)
356 http fetch GET 200 https://registry.npmjs.org/form-data/-/form-data-4.0.5.tgz 723ms (cache miss)
357 http fetch GET 200 https://registry.npmjs.org/asynckit/-/asynckit-0.4.0.tgz 765ms (cache miss)
358 http fetch GET 200 https://registry.npmjs.org/dom-serializer/-/dom-serializer-2.0.0.tgz 766ms (cache miss)
359 http fetch GET 200 https://registry.npmjs.org/domhandler/-/domhandler-5.0.3.tgz 773ms (cache miss)
360 http fetch GET 200 https://registry.npmjs.org/nth-check/-/nth-check-2.1.1.tgz 904ms (cache miss)
361 http fetch GET 200 https://registry.npmjs.org/encoding-sniffer/-/encoding-sniffer-0.2.1.tgz 899ms (cache miss)
362 http fetch GET 200 https://registry.npmjs.org/css-what/-/css-what-6.2.2.tgz 948ms (cache miss)
363 http fetch GET 200 https://registry.npmjs.org/iconv-lite/-/iconv-lite-0.6.3.tgz 1078ms (cache miss)
364 http fetch GET 200 https://registry.npmjs.org/domutils/-/domutils-3.2.2.tgz 1146ms (cache miss)
365 http fetch GET 200 https://registry.npmjs.org/htmlparser2/-/htmlparser2-10.0.0.tgz 1199ms (cache miss)
366 http fetch GET 200 https://registry.npmjs.org/entities/-/entities-4.5.0.tgz 1258ms (cache miss)
367 http fetch GET 200 https://registry.npmjs.org/parse5/-/parse5-7.3.0.tgz 1295ms (cache miss)
368 http fetch GET 200 https://registry.npmjs.org/entities/-/entities-6.0.1.tgz 1332ms (cache miss)
369 http fetch GET 200 https://registry.npmjs.org/entities/-/entities-6.0.1.tgz 1336ms (cache miss)
370 http fetch GET 200 https://registry.npmjs.org/luxon/-/luxon-3.7.2.tgz 1369ms (cache miss)
371 http fetch GET 200 https://registry.npmjs.org/axios/-/axios-1.13.2.tgz 1397ms (cache miss)
372 http fetch GET 200 https://registry.npmjs.org/css-select/-/css-select-5.2.2.tgz 1430ms (cache miss)
373 http fetch GET 200 https://registry.npmjs.org/undici/-/undici-7.18.2.tgz 1591ms (cache miss)
374 http fetch GET 200 https://registry.npmjs.org/cheerio/-/cheerio-1.1.2.tgz 1596ms (cache miss)
375 silly ADD node_modules/mime-db
376 silly ADD node_modules/safer-buffer
377 silly ADD node_modules/dunder-proto
378 silly ADD node_modules/math-intrinsics
379 silly ADD node_modules/has-symbols
380 silly ADD node_modules/gopd
381 silly ADD node_modules/get-proto
382 silly ADD node_modules/function-bind
383 silly ADD node_modules/es-object-atoms
384 silly ADD node_modules/es-define-property
385 silly ADD node_modules/call-bind-apply-helpers
386 silly ADD node_modules/has-tostringtag
387 silly ADD node_modules/get-intrinsic
388 silly ADD node_modules/es-errors
389 silly ADD node_modules/delayed-stream
390 silly ADD node_modules/mime-types
391 silly ADD node_modules/hasown
392 silly ADD node_modules/es-set-tostringtag
393 silly ADD node_modules/combined-stream
394 silly ADD node_modules/asynckit
395 silly ADD node_modules/whatwg-encoding
396 silly ADD node_modules/iconv-lite
397 silly ADD node_modules/entities
398 silly ADD node_modules/nth-check
399 silly ADD node_modules/domelementtype
400 silly ADD node_modules/css-what
401 silly ADD node_modules/css-select
402 silly ADD node_modules/boolbase
403 silly ADD node_modules/whatwg-mimetype
404 silly ADD node_modules/undici
405 silly ADD node_modules/parse5-parser-stream
406 silly ADD node_modules/parse5-htmlparser2-tree-adapter
407 silly ADD node_modules/parse5
408 silly ADD node_modules/parse5/node_modules/entities
409 silly ADD node_modules/htmlparser2
410 silly ADD node_modules/htmlparser2/node_modules/entities
411 silly ADD node_modules/encoding-sniffer
412 silly ADD node_modules/domutils
413 silly ADD node_modules/domhandler
414 silly ADD node_modules/dom-serializer
415 silly ADD node_modules/cheerio-select
416 silly ADD node_modules/proxy-from-env
417 silly ADD node_modules/form-data
418 silly ADD node_modules/follow-redirects
419 silly ADD node_modules/luxon
420 silly ADD node_modules/cheerio
421 silly ADD node_modules/axios
422 verbose cwd /opt/ff-news/ingest
423 verbose os Linux 5.15.0-161-generic
424 verbose node v24.12.0
425 verbose npm  v11.6.2
426 verbose exit 0
427 info ok
