0 verbose cli /usr/bin/node /usr/bin/npm
1 info using npm@11.6.2
2 info using node@v24.12.0
3 silly config load:file:/usr/lib/node_modules/npm/npmrc
4 silly config load:file:/opt/ff-news/ingest/.npmrc
5 silly config load:file:/opt/ff-news/.npmrc
6 silly config load:file:/usr/etc/npmrc
7 verbose title npm install axios cheerio luxon
8 verbose argv "install" "axios" "cheerio" "luxon"
9 verbose logfile logs-max:10 dir:/opt/ff-news/.npm/_logs/2026-01-08T06_20_11_744Z-
10 verbose logfile /opt/ff-news/.npm/_logs/2026-01-08T06_20_11_744Z-debug-0.log
11 silly logfile done cleaning log files
12 silly packumentCache heap:1130364928 maxSize:282591232 maxEntrySize:141295616
13 silly idealTree buildDeps
14 silly fetch manifest axios@*
15 silly packumentCache full:https://registry.npmjs.org/axios cache-miss
16 http cache https://registry.npmjs.org/axios 35ms (cache hit)
17 silly packumentCache full:https://registry.npmjs.org/axios set size:733991 disposed:false
18 silly fetch manifest cheerio@*
19 silly packumentCache full:https://registry.npmjs.org/cheerio cache-miss
20 http cache https://registry.npmjs.org/cheerio 5ms (cache hit)
21 silly packumentCache full:https://registry.npmjs.org/cheerio set size:165731 disposed:false
22 silly fetch manifest luxon@*
23 silly packumentCache full:https://registry.npmjs.org/luxon cache-miss
24 http cache https://registry.npmjs.org/luxon 6ms (cache hit)
25 silly packumentCache full:https://registry.npmjs.org/luxon set size:511002 disposed:false
26 silly placeDep ROOT axios@1.13.2 REPLACE for: ff-news-ingest@1.0.0 want: *
27 silly placeDep ROOT cheerio@1.1.2 REPLACE for: ff-news-ingest@1.0.0 want: *
28 silly placeDep ROOT luxon@3.7.2 REPLACE for: ff-news-ingest@1.0.0 want: *
29 silly reify moves {}
30 silly audit bulk request {
30 silly audit   asynckit: [ '0.4.0' ],
30 silly audit   boolbase: [ '1.0.0' ],
30 silly audit   'call-bind-apply-helpers': [ '1.0.2' ],
30 silly audit   'cheerio-select': [ '2.1.0' ],
30 silly audit   'combined-stream': [ '1.0.8' ],
30 silly audit   'css-select': [ '5.2.2' ],
30 silly audit   'css-what': [ '6.2.2' ],
30 silly audit   'delayed-stream': [ '1.0.0' ],
30 silly audit   'dom-serializer': [ '2.0.0' ],
30 silly audit   domelementtype: [ '2.3.0' ],
30 silly audit   domhandler: [ '5.0.3' ],
30 silly audit   domutils: [ '3.2.2' ],
30 silly audit   'dunder-proto': [ '1.0.1' ],
30 silly audit   'encoding-sniffer': [ '0.2.1' ],
30 silly audit   entities: [ '4.5.0', '6.0.1' ],
30 silly audit   'es-define-property': [ '1.0.1' ],
30 silly audit   'es-errors': [ '1.3.0' ],
30 silly audit   'es-object-atoms': [ '1.1.1' ],
30 silly audit   'es-set-tostringtag': [ '2.1.0' ],
30 silly audit   'follow-redirects': [ '1.15.11' ],
30 silly audit   'form-data': [ '4.0.5' ],
30 silly audit   'function-bind': [ '1.1.2' ],
30 silly audit   'get-intrinsic': [ '1.3.0' ],
30 silly audit   'get-proto': [ '1.0.1' ],
30 silly audit   gopd: [ '1.2.0' ],
30 silly audit   'has-symbols': [ '1.1.0' ],
30 silly audit   'has-tostringtag': [ '1.0.2' ],
30 silly audit   hasown: [ '2.0.2' ],
30 silly audit   htmlparser2: [ '10.0.0' ],
30 silly audit   'iconv-lite': [ '0.6.3' ],
30 silly audit   'math-intrinsics': [ '1.1.0' ],
30 silly audit   'mime-db': [ '1.52.0' ],
30 silly audit   'mime-types': [ '2.1.35' ],
30 silly audit   'nth-check': [ '2.1.1' ],
30 silly audit   parse5: [ '7.3.0' ],
30 silly audit   'parse5-htmlparser2-tree-adapter': [ '7.1.0' ],
30 silly audit   'parse5-parser-stream': [ '7.1.2' ],
30 silly audit   'proxy-from-env': [ '1.1.0' ],
30 silly audit   'safer-buffer': [ '2.1.2' ],
30 silly audit   undici: [ '7.18.2' ],
30 silly audit   'whatwg-encoding': [ '3.1.1' ],
30 silly audit   'whatwg-mimetype': [ '4.0.0' ],
30 silly audit   axios: [ '1.13.2' ],
30 silly audit   cheerio: [ '1.1.2' ],
30 silly audit   luxon: [ '3.7.2' ]
30 silly audit }
31 http fetch POST 200 https://registry.npmjs.org/-/npm/v1/security/advisories/bulk 226ms
32 silly audit report {}
33 verbose cwd /opt/ff-news/ingest
34 verbose os Linux 5.15.0-161-generic
35 verbose node v24.12.0
36 verbose npm  v11.6.2
37 verbose exit 0
38 info ok
